The system is: Linux - 3.10.0-1127.8.2.el7.x86_64 - x86_64
Compiling the C compiler identification source file "CMakeCCompilerId.c" succeeded.
Compiler: /cvmfs/juno.ihep.ac.cn/centos7_amd64_gcc830/contrib/gcc/8.3.0/bin/gcc 
Build flags: 
Id flags:  

The output was:
0


Compilation of the C compiler identification source "CMakeCCompilerId.c" produced "a.out"

The C compiler identification is GNU, found in "/afs/ihep.ac.cn/users/l/luoxj/root_tool/build_tmp/CMakeFiles/3.17.0/CompilerIdC/a.out"

Compiling the CXX compiler identification source file "CMakeCXXCompilerId.cpp" succeeded.
Compiler: /cvmfs/juno.ihep.ac.cn/centos7_amd64_gcc830/contrib/gcc/8.3.0/bin/g++ 
Build flags: 
Id flags:  

The output was:
0


Compilation of the CXX compiler identification source "CMakeCXXCompilerId.cpp" produced "a.out"

The CXX compiler identification is GNU, found in "/afs/ihep.ac.cn/users/l/luoxj/root_tool/build_tmp/CMakeFiles/3.17.0/CompilerIdCXX/a.out"

Determining if the C compiler works passed with the following output:
Change Dir: /afs/ihep.ac.cn/users/l/luoxj/root_tool/build_tmp/CMakeFiles/CMakeTmp

Run Build Command(s):/usr/bin/gmake cmTC_2a965/fast && /usr/bin/gmake -f CMakeFiles/cmTC_2a965.dir/build.make CMakeFiles/cmTC_2a965.dir/build
gmake[1]: Entering directory `/workfs/juno/luoxj/root_tool/build_tmp/CMakeFiles/CMakeTmp'
Building C object CMakeFiles/cmTC_2a965.dir/testCCompiler.c.o
/cvmfs/juno.ihep.ac.cn/centos7_amd64_gcc830/contrib/gcc/8.3.0/bin/gcc    -o CMakeFiles/cmTC_2a965.dir/testCCompiler.c.o   -c /afs/ihep.ac.cn/users/l/luoxj/root_tool/build_tmp/CMakeFiles/CMakeTmp/testCCompiler.c
Linking C executable cmTC_2a965
/cvmfs/juno.ihep.ac.cn/centos7_amd64_gcc830/Pre-Release/J20v1r0-branch/ExternalLibs/Cmake/3.17.0/bin/cmake -E cmake_link_script CMakeFiles/cmTC_2a965.dir/link.txt --verbose=1
/cvmfs/juno.ihep.ac.cn/centos7_amd64_gcc830/contrib/gcc/8.3.0/bin/gcc      -rdynamic CMakeFiles/cmTC_2a965.dir/testCCompiler.c.o  -o cmTC_2a965 
gmake[1]: Leaving directory `/workfs/juno/luoxj/root_tool/build_tmp/CMakeFiles/CMakeTmp'



Detecting C compiler ABI info compiled with the following output:
Change Dir: /afs/ihep.ac.cn/users/l/luoxj/root_tool/build_tmp/CMakeFiles/CMakeTmp

Run Build Command(s):/usr/bin/gmake cmTC_d00bb/fast && /usr/bin/gmake -f CMakeFiles/cmTC_d00bb.dir/build.make CMakeFiles/cmTC_d00bb.dir/build
gmake[1]: Entering directory `/workfs/juno/luoxj/root_tool/build_tmp/CMakeFiles/CMakeTmp'
Building C object CMakeFiles/cmTC_d00bb.dir/CMakeCCompilerABI.c.o
/cvmfs/juno.ihep.ac.cn/centos7_amd64_gcc830/contrib/gcc/8.3.0/bin/gcc   -v -o CMakeFiles/cmTC_d00bb.dir/CMakeCCompilerABI.c.o   -c /cvmfs/juno.ihep.ac.cn/centos7_amd64_gcc830/Pre-Release/J20v1r0-branch/ExternalLibs/Cmake/3.17.0/share/cmake-3.17/Modules/CMakeCCompilerABI.c
Using built-in specs.
COLLECT_GCC=/cvmfs/juno.ihep.ac.cn/centos7_amd64_gcc830/contrib/gcc/8.3.0/bin/gcc
Target: x86_64-pc-linux-gnu
Configured with: /cvmfs/juno.ihep.ac.cn/centos7_amd64_gcc830/contrib/gcc/8.3.0/download/gcc-8.3.0/configure --prefix=/cvmfs/juno.ihep.ac.cn/centos7_amd64_gcc830/contrib/gcc/8.3.0 --enable-language=c,c++,fortran --disable-multilib
Thread model: posix
gcc version 8.3.0 (GCC) 
COLLECT_GCC_OPTIONS='-v' '-o' 'CMakeFiles/cmTC_d00bb.dir/CMakeCCompilerABI.c.o' '-c' '-mtune=generic' '-march=x86-64'
 /cvmfs/juno.ihep.ac.cn/centos7_amd64_gcc830/contrib/gcc/8.3.0/libexec/gcc/x86_64-pc-linux-gnu/8.3.0/cc1 -quiet -v /cvmfs/juno.ihep.ac.cn/centos7_amd64_gcc830/Pre-Release/J20v1r0-branch/ExternalLibs/Cmake/3.17.0/share/cmake-3.17/Modules/CMakeCCompilerABI.c -quiet -dumpbase CMakeCCompilerABI.c -mtune=generic -march=x86-64 -auxbase-strip CMakeFiles/cmTC_d00bb.dir/CMakeCCompilerABI.c.o -version -o /tmp/ccoYiuQo.s
GNU C17 (GCC) version 8.3.0 (x86_64-pc-linux-gnu)
	compiled by GNU C version 8.3.0, GMP version 6.1.0, MPFR version 3.1.4, MPC version 1.0.3, isl version isl-0.18-GMP

GGC heuristics: --param ggc-min-expand=100 --param ggc-min-heapsize=131072
ignoring nonexistent directory "/cvmfs/juno.ihep.ac.cn/centos7_amd64_gcc830/contrib/gcc/8.3.0/lib/gcc/x86_64-pc-linux-gnu/8.3.0/../../../../x86_64-pc-linux-gnu/include"
ignoring nonexistent directory "/cvmfs/juno.ihep.ac.cn/centos7_amd64_gcc830/Pre-Release/J20v1r0-Pre2/ExternalLibs/python-yaml/5.1.2/include"
ignoring nonexistent directory "/cvmfs/juno.ihep.ac.cn/centos7_amd64_gcc830/Pre-Release/J20v1r0-Pre2/ExternalLibs/python-cython/0.29.16/include"
ignoring nonexistent directory "/cvmfs/juno.ihep.ac.cn/centos7_amd64_gcc830/Pre-Release/J20v1r0-Pre2/ExternalLibs/CMT/v1r26/include"
ignoring nonexistent directory "/cvmfs/juno.ihep.ac.cn/centos7_amd64_gcc830/Pre-Release/J20v1r0-Pre2/ExternalLibs/Cmake/3.17.0/include"
#include "..." search starts here:
#include <...> search starts here:
 /cvmfs/juno.ihep.ac.cn/centos7_amd64_gcc830/Pre-Release/J20v1r0-Pre2/ExternalLibs/frontier/2.8.20/include
 /cvmfs/juno.ihep.ac.cn/centos7_amd64_gcc830/Pre-Release/J20v1r0-Pre2/ExternalLibs/pacparser/1.3.7/include
 /cvmfs/juno.ihep.ac.cn/centos7_amd64_gcc830/Pre-Release/J20v1r0-Pre2/ExternalLibs/podio/master/include
 /cvmfs/juno.ihep.ac.cn/centos7_amd64_gcc830/Pre-Release/J20v1r0-Pre2/ExternalLibs/libyaml/0.2.2/include
 /cvmfs/juno.ihep.ac.cn/centos7_amd64_gcc830/Pre-Release/J20v1r0-Pre2/ExternalLibs/mysql-connector-cpp/1.1.8/include
 /cvmfs/juno.ihep.ac.cn/centos7_amd64_gcc830/Pre-Release/J20v1r0-Pre2/ExternalLibs/mysql-connector-c/6.1.9/include
 /cvmfs/juno.ihep.ac.cn/centos7_amd64_gcc830/Pre-Release/J20v1r0-Pre2/ExternalLibs/libmore/0.8.3/include
 /cvmfs/juno.ihep.ac.cn/centos7_amd64_gcc830/Pre-Release/J20v1r0-Pre2/ExternalLibs/Geant4/10.04.p02/include
 /cvmfs/juno.ihep.ac.cn/centos7_amd64_gcc830/Pre-Release/J20v1r0-Pre2/ExternalLibs/HepMC/2.06.09/include
 /cvmfs/juno.ihep.ac.cn/centos7_amd64_gcc830/Pre-Release/J20v1r0-Pre2/ExternalLibs/ROOT/6.20.02/include
 /cvmfs/juno.ihep.ac.cn/centos7_amd64_gcc830/Pre-Release/J20v1r0-Pre2/ExternalLibs/xrootd/4.10.0/include
 /cvmfs/juno.ihep.ac.cn/centos7_amd64_gcc830/Pre-Release/J20v1r0-Pre2/ExternalLibs/CLHEP/2.4.1.0/include
 /cvmfs/juno.ihep.ac.cn/centos7_amd64_gcc830/Pre-Release/J20v1r0-Pre2/ExternalLibs/tbb/2019_U8/include
 /cvmfs/juno.ihep.ac.cn/centos7_amd64_gcc830/Pre-Release/J20v1r0-Pre2/ExternalLibs/sqlite3/3.29.0/include
 /cvmfs/juno.ihep.ac.cn/centos7_amd64_gcc830/Pre-Release/J20v1r0-Pre2/ExternalLibs/fftw3/3.3.8/include
 /cvmfs/juno.ihep.ac.cn/centos7_amd64_gcc830/Pre-Release/J20v1r0-Pre2/ExternalLibs/gsl/2.5/include
 /cvmfs/juno.ihep.ac.cn/centos7_amd64_gcc830/Pre-Release/J20v1r0-Pre2/ExternalLibs/Xercesc/3.2.2/include
 /cvmfs/juno.ihep.ac.cn/centos7_amd64_gcc830/Pre-Release/J20v1r0-Pre2/ExternalLibs/Boost/1.72.0/include
 /cvmfs/juno.ihep.ac.cn/centos7_amd64_gcc830/Pre-Release/J20v1r0-Pre2/ExternalLibs/Python/2.7.17/include
 .
 /cvmfs/juno.ihep.ac.cn/centos7_amd64_gcc830/contrib/gcc/8.3.0/lib/gcc/x86_64-pc-linux-gnu/8.3.0/include
 /usr/local/include
 /cvmfs/juno.ihep.ac.cn/centos7_amd64_gcc830/contrib/gcc/8.3.0/include
 /cvmfs/juno.ihep.ac.cn/centos7_amd64_gcc830/contrib/gcc/8.3.0/lib/gcc/x86_64-pc-linux-gnu/8.3.0/include-fixed
 /usr/include
End of search list.
GNU C17 (GCC) version 8.3.0 (x86_64-pc-linux-gnu)
	compiled by GNU C version 8.3.0, GMP version 6.1.0, MPFR version 3.1.4, MPC version 1.0.3, isl version isl-0.18-GMP

GGC heuristics: --param ggc-min-expand=100 --param ggc-min-heapsize=131072
Compiler executable checksum: 56bff176c0215faf4a91f83a86c0ddd5
COLLECT_GCC_OPTIONS='-v' '-o' 'CMakeFiles/cmTC_d00bb.dir/CMakeCCompilerABI.c.o' '-c' '-mtune=generic' '-march=x86-64'
 as -v --64 -o CMakeFiles/cmTC_d00bb.dir/CMakeCCompilerABI.c.o /tmp/ccoYiuQo.s
GNU assembler version 2.28 (x86_64-pc-linux-gnu) using BFD version (GNU Binutils) 2.28
COMPILER_PATH=/cvmfs/juno.ihep.ac.cn/centos7_amd64_gcc830/contrib/gcc/8.3.0/libexec/gcc/x86_64-pc-linux-gnu/8.3.0/:/cvmfs/juno.ihep.ac.cn/centos7_amd64_gcc830/contrib/gcc/8.3.0/libexec/gcc/x86_64-pc-linux-gnu/8.3.0/:/cvmfs/juno.ihep.ac.cn/centos7_amd64_gcc830/contrib/gcc/8.3.0/libexec/gcc/x86_64-pc-linux-gnu/:/cvmfs/juno.ihep.ac.cn/centos7_amd64_gcc830/contrib/gcc/8.3.0/lib/gcc/x86_64-pc-linux-gnu/8.3.0/:/cvmfs/juno.ihep.ac.cn/centos7_amd64_gcc830/contrib/gcc/8.3.0/lib/gcc/x86_64-pc-linux-gnu/
LIBRARY_PATH=/cvmfs/juno.ihep.ac.cn/centos7_amd64_gcc830/contrib/gcc/8.3.0/lib/gcc/x86_64-pc-linux-gnu/8.3.0/:/cvmfs/juno.ihep.ac.cn/centos7_amd64_gcc830/contrib/gcc/8.3.0/lib/gcc/x86_64-pc-linux-gnu/8.3.0/../../../../lib64/:/lib/../lib64/:/usr/lib/../lib64/:/cvmfs/juno.ihep.ac.cn/centos7_amd64_gcc830/contrib/gcc/8.3.0/lib/gcc/x86_64-pc-linux-gnu/8.3.0/../../../:/lib/:/usr/lib/
COLLECT_GCC_OPTIONS='-v' '-o' 'CMakeFiles/cmTC_d00bb.dir/CMakeCCompilerABI.c.o' '-c' '-mtune=generic' '-march=x86-64'
Linking C executable cmTC_d00bb
/cvmfs/juno.ihep.ac.cn/centos7_amd64_gcc830/Pre-Release/J20v1r0-branch/ExternalLibs/Cmake/3.17.0/bin/cmake -E cmake_link_script CMakeFiles/cmTC_d00bb.dir/link.txt --verbose=1
/cvmfs/juno.ihep.ac.cn/centos7_amd64_gcc830/contrib/gcc/8.3.0/bin/gcc     -v -rdynamic CMakeFiles/cmTC_d00bb.dir/CMakeCCompilerABI.c.o  -o cmTC_d00bb 
Using built-in specs.
COLLECT_GCC=/cvmfs/juno.ihep.ac.cn/centos7_amd64_gcc830/contrib/gcc/8.3.0/bin/gcc
COLLECT_LTO_WRAPPER=/cvmfs/juno.ihep.ac.cn/centos7_amd64_gcc830/contrib/gcc/8.3.0/libexec/gcc/x86_64-pc-linux-gnu/8.3.0/lto-wrapper
Target: x86_64-pc-linux-gnu
Configured with: /cvmfs/juno.ihep.ac.cn/centos7_amd64_gcc830/contrib/gcc/8.3.0/download/gcc-8.3.0/configure --prefix=/cvmfs/juno.ihep.ac.cn/centos7_amd64_gcc830/contrib/gcc/8.3.0 --enable-language=c,c++,fortran --disable-multilib
Thread model: posix
gcc version 8.3.0 (GCC) 
COMPILER_PATH=/cvmfs/juno.ihep.ac.cn/centos7_amd64_gcc830/contrib/gcc/8.3.0/libexec/gcc/x86_64-pc-linux-gnu/8.3.0/:/cvmfs/juno.ihep.ac.cn/centos7_amd64_gcc830/contrib/gcc/8.3.0/libexec/gcc/x86_64-pc-linux-gnu/8.3.0/:/cvmfs/juno.ihep.ac.cn/centos7_amd64_gcc830/contrib/gcc/8.3.0/libexec/gcc/x86_64-pc-linux-gnu/:/cvmfs/juno.ihep.ac.cn/centos7_amd64_gcc830/contrib/gcc/8.3.0/lib/gcc/x86_64-pc-linux-gnu/8.3.0/:/cvmfs/juno.ihep.ac.cn/centos7_amd64_gcc830/contrib/gcc/8.3.0/lib/gcc/x86_64-pc-linux-gnu/
LIBRARY_PATH=/cvmfs/juno.ihep.ac.cn/centos7_amd64_gcc830/contrib/gcc/8.3.0/lib/gcc/x86_64-pc-linux-gnu/8.3.0/:/cvmfs/juno.ihep.ac.cn/centos7_amd64_gcc830/contrib/gcc/8.3.0/lib/gcc/x86_64-pc-linux-gnu/8.3.0/../../../../lib64/:/lib/../lib64/:/usr/lib/../lib64/:/cvmfs/juno.ihep.ac.cn/centos7_amd64_gcc830/contrib/gcc/8.3.0/lib/gcc/x86_64-pc-linux-gnu/8.3.0/../../../:/lib/:/usr/lib/
COLLECT_GCC_OPTIONS='-v' '-rdynamic' '-o' 'cmTC_d00bb' '-mtune=generic' '-march=x86-64'
 /cvmfs/juno.ihep.ac.cn/centos7_amd64_gcc830/contrib/gcc/8.3.0/libexec/gcc/x86_64-pc-linux-gnu/8.3.0/collect2 -plugin /cvmfs/juno.ihep.ac.cn/centos7_amd64_gcc830/contrib/gcc/8.3.0/libexec/gcc/x86_64-pc-linux-gnu/8.3.0/liblto_plugin.so -plugin-opt=/cvmfs/juno.ihep.ac.cn/centos7_amd64_gcc830/contrib/gcc/8.3.0/libexec/gcc/x86_64-pc-linux-gnu/8.3.0/lto-wrapper -plugin-opt=-fresolution=/tmp/ccR4D78G.res -plugin-opt=-pass-through=-lgcc -plugin-opt=-pass-through=-lgcc_s -plugin-opt=-pass-through=-lc -plugin-opt=-pass-through=-lgcc -plugin-opt=-pass-through=-lgcc_s --eh-frame-hdr -m elf_x86_64 -export-dynamic -dynamic-linker /lib64/ld-linux-x86-64.so.2 -o cmTC_d00bb /lib/../lib64/crt1.o /lib/../lib64/crti.o /cvmfs/juno.ihep.ac.cn/centos7_amd64_gcc830/contrib/gcc/8.3.0/lib/gcc/x86_64-pc-linux-gnu/8.3.0/crtbegin.o -L/cvmfs/juno.ihep.ac.cn/centos7_amd64_gcc830/contrib/gcc/8.3.0/lib/gcc/x86_64-pc-linux-gnu/8.3.0 -L/cvmfs/juno.ihep.ac.cn/centos7_amd64_gcc830/contrib/gcc/8.3.0/lib/gcc/x86_64-pc-linux-gnu/8.3.0/../../../../lib64 -L/lib/../lib64 -L/usr/lib/../lib64 -L/cvmfs/juno.ihep.ac.cn/centos7_amd64_gcc830/contrib/gcc/8.3.0/lib/gcc/x86_64-pc-linux-gnu/8.3.0/../../.. CMakeFiles/cmTC_d00bb.dir/CMakeCCompilerABI.c.o -lgcc --as-needed -lgcc_s --no-as-needed -lc -lgcc --as-needed -lgcc_s --no-as-needed /cvmfs/juno.ihep.ac.cn/centos7_amd64_gcc830/contrib/gcc/8.3.0/lib/gcc/x86_64-pc-linux-gnu/8.3.0/crtend.o /lib/../lib64/crtn.o
COLLECT_GCC_OPTIONS='-v' '-rdynamic' '-o' 'cmTC_d00bb' '-mtune=generic' '-march=x86-64'
gmake[1]: Leaving directory `/workfs/juno/luoxj/root_tool/build_tmp/CMakeFiles/CMakeTmp'



Parsed C implicit include dir info from above output: rv=done
  found start of include info
  found start of implicit include info
    add: [/cvmfs/juno.ihep.ac.cn/centos7_amd64_gcc830/Pre-Release/J20v1r0-Pre2/ExternalLibs/frontier/2.8.20/include]
    add: [/cvmfs/juno.ihep.ac.cn/centos7_amd64_gcc830/Pre-Release/J20v1r0-Pre2/ExternalLibs/pacparser/1.3.7/include]
    add: [/cvmfs/juno.ihep.ac.cn/centos7_amd64_gcc830/Pre-Release/J20v1r0-Pre2/ExternalLibs/podio/master/include]
    add: [/cvmfs/juno.ihep.ac.cn/centos7_amd64_gcc830/Pre-Release/J20v1r0-Pre2/ExternalLibs/libyaml/0.2.2/include]
    add: [/cvmfs/juno.ihep.ac.cn/centos7_amd64_gcc830/Pre-Release/J20v1r0-Pre2/ExternalLibs/mysql-connector-cpp/1.1.8/include]
    add: [/cvmfs/juno.ihep.ac.cn/centos7_amd64_gcc830/Pre-Release/J20v1r0-Pre2/ExternalLibs/mysql-connector-c/6.1.9/include]
    add: [/cvmfs/juno.ihep.ac.cn/centos7_amd64_gcc830/Pre-Release/J20v1r0-Pre2/ExternalLibs/libmore/0.8.3/include]
    add: [/cvmfs/juno.ihep.ac.cn/centos7_amd64_gcc830/Pre-Release/J20v1r0-Pre2/ExternalLibs/Geant4/10.04.p02/include]
    add: [/cvmfs/juno.ihep.ac.cn/centos7_amd64_gcc830/Pre-Release/J20v1r0-Pre2/ExternalLibs/HepMC/2.06.09/include]
    add: [/cvmfs/juno.ihep.ac.cn/centos7_amd64_gcc830/Pre-Release/J20v1r0-Pre2/ExternalLibs/ROOT/6.20.02/include]
    add: [/cvmfs/juno.ihep.ac.cn/centos7_amd64_gcc830/Pre-Release/J20v1r0-Pre2/ExternalLibs/xrootd/4.10.0/include]
    add: [/cvmfs/juno.ihep.ac.cn/centos7_amd64_gcc830/Pre-Release/J20v1r0-Pre2/ExternalLibs/CLHEP/2.4.1.0/include]
    add: [/cvmfs/juno.ihep.ac.cn/centos7_amd64_gcc830/Pre-Release/J20v1r0-Pre2/ExternalLibs/tbb/2019_U8/include]
    add: [/cvmfs/juno.ihep.ac.cn/centos7_amd64_gcc830/Pre-Release/J20v1r0-Pre2/ExternalLibs/sqlite3/3.29.0/include]
    add: [/cvmfs/juno.ihep.ac.cn/centos7_amd64_gcc830/Pre-Release/J20v1r0-Pre2/ExternalLibs/fftw3/3.3.8/include]
    add: [/cvmfs/juno.ihep.ac.cn/centos7_amd64_gcc830/Pre-Release/J20v1r0-Pre2/ExternalLibs/gsl/2.5/include]
    add: [/cvmfs/juno.ihep.ac.cn/centos7_amd64_gcc830/Pre-Release/J20v1r0-Pre2/ExternalLibs/Xercesc/3.2.2/include]
    add: [/cvmfs/juno.ihep.ac.cn/centos7_amd64_gcc830/Pre-Release/J20v1r0-Pre2/ExternalLibs/Boost/1.72.0/include]
    add: [/cvmfs/juno.ihep.ac.cn/centos7_amd64_gcc830/Pre-Release/J20v1r0-Pre2/ExternalLibs/Python/2.7.17/include]
    add: [.]
    add: [/cvmfs/juno.ihep.ac.cn/centos7_amd64_gcc830/contrib/gcc/8.3.0/lib/gcc/x86_64-pc-linux-gnu/8.3.0/include]
    add: [/usr/local/include]
    add: [/cvmfs/juno.ihep.ac.cn/centos7_amd64_gcc830/contrib/gcc/8.3.0/include]
    add: [/cvmfs/juno.ihep.ac.cn/centos7_amd64_gcc830/contrib/gcc/8.3.0/lib/gcc/x86_64-pc-linux-gnu/8.3.0/include-fixed]
    add: [/usr/include]
  end of search list found
  collapse include dir [/cvmfs/juno.ihep.ac.cn/centos7_amd64_gcc830/Pre-Release/J20v1r0-Pre2/ExternalLibs/frontier/2.8.20/include] ==> [/cvmfs/juno.ihep.ac.cn/centos7_amd64_gcc830/Pre-Release/J20v1r0-Pre2/ExternalLibs/frontier/2.8.20/include]
  collapse include dir [/cvmfs/juno.ihep.ac.cn/centos7_amd64_gcc830/Pre-Release/J20v1r0-Pre2/ExternalLibs/pacparser/1.3.7/include] ==> [/cvmfs/juno.ihep.ac.cn/centos7_amd64_gcc830/Pre-Release/J20v1r0-Pre2/ExternalLibs/pacparser/1.3.7/include]
  collapse include dir [/cvmfs/juno.ihep.ac.cn/centos7_amd64_gcc830/Pre-Release/J20v1r0-Pre2/ExternalLibs/podio/master/include] ==> [/cvmfs/juno.ihep.ac.cn/centos7_amd64_gcc830/Pre-Release/J20v1r0-Pre2/ExternalLibs/podio/master/include]
  collapse include dir [/cvmfs/juno.ihep.ac.cn/centos7_amd64_gcc830/Pre-Release/J20v1r0-Pre2/ExternalLibs/libyaml/0.2.2/include] ==> [/cvmfs/juno.ihep.ac.cn/centos7_amd64_gcc830/Pre-Release/J20v1r0-Pre2/ExternalLibs/libyaml/0.2.2/include]
  collapse include dir [/cvmfs/juno.ihep.ac.cn/centos7_amd64_gcc830/Pre-Release/J20v1r0-Pre2/ExternalLibs/mysql-connector-cpp/1.1.8/include] ==> [/cvmfs/juno.ihep.ac.cn/centos7_amd64_gcc830/Pre-Release/J20v1r0-Pre2/ExternalLibs/mysql-connector-cpp/1.1.8/include]
  collapse include dir [/cvmfs/juno.ihep.ac.cn/centos7_amd64_gcc830/Pre-Release/J20v1r0-Pre2/ExternalLibs/mysql-connector-c/6.1.9/include] ==> [/cvmfs/juno.ihep.ac.cn/centos7_amd64_gcc830/Pre-Release/J20v1r0-Pre2/ExternalLibs/mysql-connector-c/6.1.9/include]
  collapse include dir [/cvmfs/juno.ihep.ac.cn/centos7_amd64_gcc830/Pre-Release/J20v1r0-Pre2/ExternalLibs/libmore/0.8.3/include] ==> [/cvmfs/juno.ihep.ac.cn/centos7_amd64_gcc830/Pre-Release/J20v1r0-Pre2/ExternalLibs/libmore/0.8.3/include]
  collapse include dir [/cvmfs/juno.ihep.ac.cn/centos7_amd64_gcc830/Pre-Release/J20v1r0-Pre2/ExternalLibs/Geant4/10.04.p02/include] ==> [/cvmfs/juno.ihep.ac.cn/centos7_amd64_gcc830/Pre-Release/J20v1r0-Pre2/ExternalLibs/Geant4/10.04.p02/include]
  collapse include dir [/cvmfs/juno.ihep.ac.cn/centos7_amd64_gcc830/Pre-Release/J20v1r0-Pre2/ExternalLibs/HepMC/2.06.09/include] ==> [/cvmfs/juno.ihep.ac.cn/centos7_amd64_gcc830/Pre-Release/J20v1r0-Pre2/ExternalLibs/HepMC/2.06.09/include]
  collapse include dir [/cvmfs/juno.ihep.ac.cn/centos7_amd64_gcc830/Pre-Release/J20v1r0-Pre2/ExternalLibs/ROOT/6.20.02/include] ==> [/cvmfs/juno.ihep.ac.cn/centos7_amd64_gcc830/Pre-Release/J20v1r0-Pre2/ExternalLibs/ROOT/6.20.02/include]
  collapse include dir [/cvmfs/juno.ihep.ac.cn/centos7_amd64_gcc830/Pre-Release/J20v1r0-Pre2/ExternalLibs/xrootd/4.10.0/include] ==> [/cvmfs/juno.ihep.ac.cn/centos7_amd64_gcc830/Pre-Release/J20v1r0-Pre2/ExternalLibs/xrootd/4.10.0/include]
  collapse include dir [/cvmfs/juno.ihep.ac.cn/centos7_amd64_gcc830/Pre-Release/J20v1r0-Pre2/ExternalLibs/CLHEP/2.4.1.0/include] ==> [/cvmfs/juno.ihep.ac.cn/centos7_amd64_gcc830/Pre-Release/J20v1r0-Pre2/ExternalLibs/CLHEP/2.4.1.0/include]
  collapse include dir [/cvmfs/juno.ihep.ac.cn/centos7_amd64_gcc830/Pre-Release/J20v1r0-Pre2/ExternalLibs/tbb/2019_U8/include] ==> [/cvmfs/juno.ihep.ac.cn/centos7_amd64_gcc830/Pre-Release/J20v1r0-Pre2/ExternalLibs/tbb/2019_U8/include]
  collapse include dir [/cvmfs/juno.ihep.ac.cn/centos7_amd64_gcc830/Pre-Release/J20v1r0-Pre2/ExternalLibs/sqlite3/3.29.0/include] ==> [/cvmfs/juno.ihep.ac.cn/centos7_amd64_gcc830/Pre-Release/J20v1r0-Pre2/ExternalLibs/sqlite3/3.29.0/include]
  collapse include dir [/cvmfs/juno.ihep.ac.cn/centos7_amd64_gcc830/Pre-Release/J20v1r0-Pre2/ExternalLibs/fftw3/3.3.8/include] ==> [/cvmfs/juno.ihep.ac.cn/centos7_amd64_gcc830/Pre-Release/J20v1r0-Pre2/ExternalLibs/fftw3/3.3.8/include]
  collapse include dir [/cvmfs/juno.ihep.ac.cn/centos7_amd64_gcc830/Pre-Release/J20v1r0-Pre2/ExternalLibs/gsl/2.5/include] ==> [/cvmfs/juno.ihep.ac.cn/centos7_amd64_gcc830/Pre-Release/J20v1r0-Pre2/ExternalLibs/gsl/2.5/include]
  collapse include dir [/cvmfs/juno.ihep.ac.cn/centos7_amd64_gcc830/Pre-Release/J20v1r0-Pre2/ExternalLibs/Xercesc/3.2.2/include] ==> [/cvmfs/juno.ihep.ac.cn/centos7_amd64_gcc830/Pre-Release/J20v1r0-Pre2/ExternalLibs/Xercesc/3.2.2/include]
  collapse include dir [/cvmfs/juno.ihep.ac.cn/centos7_amd64_gcc830/Pre-Release/J20v1r0-Pre2/ExternalLibs/Boost/1.72.0/include] ==> [/cvmfs/juno.ihep.ac.cn/centos7_amd64_gcc830/Pre-Release/J20v1r0-Pre2/ExternalLibs/Boost/1.72.0/include]
  collapse include dir [/cvmfs/juno.ihep.ac.cn/centos7_amd64_gcc830/Pre-Release/J20v1r0-Pre2/ExternalLibs/Python/2.7.17/include] ==> [/cvmfs/juno.ihep.ac.cn/centos7_amd64_gcc830/Pre-Release/J20v1r0-Pre2/ExternalLibs/Python/2.7.17/include]
  skipping relative include dir [.]
  collapse include dir [/cvmfs/juno.ihep.ac.cn/centos7_amd64_gcc830/contrib/gcc/8.3.0/lib/gcc/x86_64-pc-linux-gnu/8.3.0/include] ==> [/cvmfs/juno.ihep.ac.cn/centos7_amd64_gcc830/contrib/gcc/8.3.0/lib/gcc/x86_64-pc-linux-gnu/8.3.0/include]
  collapse include dir [/usr/local/include] ==> [/usr/local/include]
  collapse include dir [/cvmfs/juno.ihep.ac.cn/centos7_amd64_gcc830/contrib/gcc/8.3.0/include] ==> [/cvmfs/juno.ihep.ac.cn/centos7_amd64_gcc830/contrib/gcc/8.3.0/include]
  collapse include dir [/cvmfs/juno.ihep.ac.cn/centos7_amd64_gcc830/contrib/gcc/8.3.0/lib/gcc/x86_64-pc-linux-gnu/8.3.0/include-fixed] ==> [/cvmfs/juno.ihep.ac.cn/centos7_amd64_gcc830/contrib/gcc/8.3.0/lib/gcc/x86_64-pc-linux-gnu/8.3.0/include-fixed]
  collapse include dir [/usr/include] ==> [/usr/include]
  implicit include dirs: [/cvmfs/juno.ihep.ac.cn/centos7_amd64_gcc830/Pre-Release/J20v1r0-Pre2/ExternalLibs/frontier/2.8.20/include;/cvmfs/juno.ihep.ac.cn/centos7_amd64_gcc830/Pre-Release/J20v1r0-Pre2/ExternalLibs/pacparser/1.3.7/include;/cvmfs/juno.ihep.ac.cn/centos7_amd64_gcc830/Pre-Release/J20v1r0-Pre2/ExternalLibs/podio/master/include;/cvmfs/juno.ihep.ac.cn/centos7_amd64_gcc830/Pre-Release/J20v1r0-Pre2/ExternalLibs/libyaml/0.2.2/include;/cvmfs/juno.ihep.ac.cn/centos7_amd64_gcc830/Pre-Release/J20v1r0-Pre2/ExternalLibs/mysql-connector-cpp/1.1.8/include;/cvmfs/juno.ihep.ac.cn/centos7_amd64_gcc830/Pre-Release/J20v1r0-Pre2/ExternalLibs/mysql-connector-c/6.1.9/include;/cvmfs/juno.ihep.ac.cn/centos7_amd64_gcc830/Pre-Release/J20v1r0-Pre2/ExternalLibs/libmore/0.8.3/include;/cvmfs/juno.ihep.ac.cn/centos7_amd64_gcc830/Pre-Release/J20v1r0-Pre2/ExternalLibs/Geant4/10.04.p02/include;/cvmfs/juno.ihep.ac.cn/centos7_amd64_gcc830/Pre-Release/J20v1r0-Pre2/ExternalLibs/HepMC/2.06.09/include;/cvmfs/juno.ihep.ac.cn/centos7_amd64_gcc830/Pre-Release/J20v1r0-Pre2/ExternalLibs/ROOT/6.20.02/include;/cvmfs/juno.ihep.ac.cn/centos7_amd64_gcc830/Pre-Release/J20v1r0-Pre2/ExternalLibs/xrootd/4.10.0/include;/cvmfs/juno.ihep.ac.cn/centos7_amd64_gcc830/Pre-Release/J20v1r0-Pre2/ExternalLibs/CLHEP/2.4.1.0/include;/cvmfs/juno.ihep.ac.cn/centos7_amd64_gcc830/Pre-Release/J20v1r0-Pre2/ExternalLibs/tbb/2019_U8/include;/cvmfs/juno.ihep.ac.cn/centos7_amd64_gcc830/Pre-Release/J20v1r0-Pre2/ExternalLibs/sqlite3/3.29.0/include;/cvmfs/juno.ihep.ac.cn/centos7_amd64_gcc830/Pre-Release/J20v1r0-Pre2/ExternalLibs/fftw3/3.3.8/include;/cvmfs/juno.ihep.ac.cn/centos7_amd64_gcc830/Pre-Release/J20v1r0-Pre2/ExternalLibs/gsl/2.5/include;/cvmfs/juno.ihep.ac.cn/centos7_amd64_gcc830/Pre-Release/J20v1r0-Pre2/ExternalLibs/Xercesc/3.2.2/include;/cvmfs/juno.ihep.ac.cn/centos7_amd64_gcc830/Pre-Release/J20v1r0-Pre2/ExternalLibs/Boost/1.72.0/include;/cvmfs/juno.ihep.ac.cn/centos7_amd64_gcc830/Pre-Release/J20v1r0-Pre2/ExternalLibs/Python/2.7.17/include;/cvmfs/juno.ihep.ac.cn/centos7_amd64_gcc830/contrib/gcc/8.3.0/lib/gcc/x86_64-pc-linux-gnu/8.3.0/include;/usr/local/include;/cvmfs/juno.ihep.ac.cn/centos7_amd64_gcc830/contrib/gcc/8.3.0/include;/cvmfs/juno.ihep.ac.cn/centos7_amd64_gcc830/contrib/gcc/8.3.0/lib/gcc/x86_64-pc-linux-gnu/8.3.0/include-fixed;/usr/include]


Parsed C implicit link information from above output:
  link line regex: [^( *|.*[/\])(ld|CMAKE_LINK_STARTFILE-NOTFOUND|([^/\]+-)?ld|collect2)[^/\]*( |$)]
  ignore line: [Change Dir: /afs/ihep.ac.cn/users/l/luoxj/root_tool/build_tmp/CMakeFiles/CMakeTmp]
  ignore line: []
  ignore line: [Run Build Command(s):/usr/bin/gmake cmTC_d00bb/fast && /usr/bin/gmake -f CMakeFiles/cmTC_d00bb.dir/build.make CMakeFiles/cmTC_d00bb.dir/build]
  ignore line: [gmake[1]: Entering directory `/workfs/juno/luoxj/root_tool/build_tmp/CMakeFiles/CMakeTmp']
  ignore line: [Building C object CMakeFiles/cmTC_d00bb.dir/CMakeCCompilerABI.c.o]
  ignore line: [/cvmfs/juno.ihep.ac.cn/centos7_amd64_gcc830/contrib/gcc/8.3.0/bin/gcc   -v -o CMakeFiles/cmTC_d00bb.dir/CMakeCCompilerABI.c.o   -c /cvmfs/juno.ihep.ac.cn/centos7_amd64_gcc830/Pre-Release/J20v1r0-branch/ExternalLibs/Cmake/3.17.0/share/cmake-3.17/Modules/CMakeCCompilerABI.c]
  ignore line: [Using built-in specs.]
  ignore line: [COLLECT_GCC=/cvmfs/juno.ihep.ac.cn/centos7_amd64_gcc830/contrib/gcc/8.3.0/bin/gcc]
  ignore line: [Target: x86_64-pc-linux-gnu]
  ignore line: [Configured with: /cvmfs/juno.ihep.ac.cn/centos7_amd64_gcc830/contrib/gcc/8.3.0/download/gcc-8.3.0/configure --prefix=/cvmfs/juno.ihep.ac.cn/centos7_amd64_gcc830/contrib/gcc/8.3.0 --enable-language=c c++ fortran --disable-multilib]
  ignore line: [Thread model: posix]
  ignore line: [gcc version 8.3.0 (GCC) ]
  ignore line: [COLLECT_GCC_OPTIONS='-v' '-o' 'CMakeFiles/cmTC_d00bb.dir/CMakeCCompilerABI.c.o' '-c' '-mtune=generic' '-march=x86-64']
  ignore line: [ /cvmfs/juno.ihep.ac.cn/centos7_amd64_gcc830/contrib/gcc/8.3.0/libexec/gcc/x86_64-pc-linux-gnu/8.3.0/cc1 -quiet -v /cvmfs/juno.ihep.ac.cn/centos7_amd64_gcc830/Pre-Release/J20v1r0-branch/ExternalLibs/Cmake/3.17.0/share/cmake-3.17/Modules/CMakeCCompilerABI.c -quiet -dumpbase CMakeCCompilerABI.c -mtune=generic -march=x86-64 -auxbase-strip CMakeFiles/cmTC_d00bb.dir/CMakeCCompilerABI.c.o -version -o /tmp/ccoYiuQo.s]
  ignore line: [GNU C17 (GCC) version 8.3.0 (x86_64-pc-linux-gnu)]
  ignore line: [	compiled by GNU C version 8.3.0  GMP version 6.1.0  MPFR version 3.1.4  MPC version 1.0.3  isl version isl-0.18-GMP]
  ignore line: []
  ignore line: [GGC heuristics: --param ggc-min-expand=100 --param ggc-min-heapsize=131072]
  ignore line: [ignoring nonexistent directory "/cvmfs/juno.ihep.ac.cn/centos7_amd64_gcc830/contrib/gcc/8.3.0/lib/gcc/x86_64-pc-linux-gnu/8.3.0/../../../../x86_64-pc-linux-gnu/include"]
  ignore line: [ignoring nonexistent directory "/cvmfs/juno.ihep.ac.cn/centos7_amd64_gcc830/Pre-Release/J20v1r0-Pre2/ExternalLibs/python-yaml/5.1.2/include"]
  ignore line: [ignoring nonexistent directory "/cvmfs/juno.ihep.ac.cn/centos7_amd64_gcc830/Pre-Release/J20v1r0-Pre2/ExternalLibs/python-cython/0.29.16/include"]
  ignore line: [ignoring nonexistent directory "/cvmfs/juno.ihep.ac.cn/centos7_amd64_gcc830/Pre-Release/J20v1r0-Pre2/ExternalLibs/CMT/v1r26/include"]
  ignore line: [ignoring nonexistent directory "/cvmfs/juno.ihep.ac.cn/centos7_amd64_gcc830/Pre-Release/J20v1r0-Pre2/ExternalLibs/Cmake/3.17.0/include"]
  ignore line: [#include "..." search starts here:]
  ignore line: [#include <...> search starts here:]
  ignore line: [ /cvmfs/juno.ihep.ac.cn/centos7_amd64_gcc830/Pre-Release/J20v1r0-Pre2/ExternalLibs/frontier/2.8.20/include]
  ignore line: [ /cvmfs/juno.ihep.ac.cn/centos7_amd64_gcc830/Pre-Release/J20v1r0-Pre2/ExternalLibs/pacparser/1.3.7/include]
  ignore line: [ /cvmfs/juno.ihep.ac.cn/centos7_amd64_gcc830/Pre-Release/J20v1r0-Pre2/ExternalLibs/podio/master/include]
  ignore line: [ /cvmfs/juno.ihep.ac.cn/centos7_amd64_gcc830/Pre-Release/J20v1r0-Pre2/ExternalLibs/libyaml/0.2.2/include]
  ignore line: [ /cvmfs/juno.ihep.ac.cn/centos7_amd64_gcc830/Pre-Release/J20v1r0-Pre2/ExternalLibs/mysql-connector-cpp/1.1.8/include]
  ignore line: [ /cvmfs/juno.ihep.ac.cn/centos7_amd64_gcc830/Pre-Release/J20v1r0-Pre2/ExternalLibs/mysql-connector-c/6.1.9/include]
  ignore line: [ /cvmfs/juno.ihep.ac.cn/centos7_amd64_gcc830/Pre-Release/J20v1r0-Pre2/ExternalLibs/libmore/0.8.3/include]
  ignore line: [ /cvmfs/juno.ihep.ac.cn/centos7_amd64_gcc830/Pre-Release/J20v1r0-Pre2/ExternalLibs/Geant4/10.04.p02/include]
  ignore line: [ /cvmfs/juno.ihep.ac.cn/centos7_amd64_gcc830/Pre-Release/J20v1r0-Pre2/ExternalLibs/HepMC/2.06.09/include]
  ignore line: [ /cvmfs/juno.ihep.ac.cn/centos7_amd64_gcc830/Pre-Release/J20v1r0-Pre2/ExternalLibs/ROOT/6.20.02/include]
  ignore line: [ /cvmfs/juno.ihep.ac.cn/centos7_amd64_gcc830/Pre-Release/J20v1r0-Pre2/ExternalLibs/xrootd/4.10.0/include]
  ignore line: [ /cvmfs/juno.ihep.ac.cn/centos7_amd64_gcc830/Pre-Release/J20v1r0-Pre2/ExternalLibs/CLHEP/2.4.1.0/include]
  ignore line: [ /cvmfs/juno.ihep.ac.cn/centos7_amd64_gcc830/Pre-Release/J20v1r0-Pre2/ExternalLibs/tbb/2019_U8/include]
  ignore line: [ /cvmfs/juno.ihep.ac.cn/centos7_amd64_gcc830/Pre-Release/J20v1r0-Pre2/ExternalLibs/sqlite3/3.29.0/include]
  ignore line: [ /cvmfs/juno.ihep.ac.cn/centos7_amd64_gcc830/Pre-Release/J20v1r0-Pre2/ExternalLibs/fftw3/3.3.8/include]
  ignore line: [ /cvmfs/juno.ihep.ac.cn/centos7_amd64_gcc830/Pre-Release/J20v1r0-Pre2/ExternalLibs/gsl/2.5/include]
  ignore line: [ /cvmfs/juno.ihep.ac.cn/centos7_amd64_gcc830/Pre-Release/J20v1r0-Pre2/ExternalLibs/Xercesc/3.2.2/include]
  ignore line: [ /cvmfs/juno.ihep.ac.cn/centos7_amd64_gcc830/Pre-Release/J20v1r0-Pre2/ExternalLibs/Boost/1.72.0/include]
  ignore line: [ /cvmfs/juno.ihep.ac.cn/centos7_amd64_gcc830/Pre-Release/J20v1r0-Pre2/ExternalLibs/Python/2.7.17/include]
  ignore line: [ .]
  ignore line: [ /cvmfs/juno.ihep.ac.cn/centos7_amd64_gcc830/contrib/gcc/8.3.0/lib/gcc/x86_64-pc-linux-gnu/8.3.0/include]
  ignore line: [ /usr/local/include]
  ignore line: [ /cvmfs/juno.ihep.ac.cn/centos7_amd64_gcc830/contrib/gcc/8.3.0/include]
  ignore line: [ /cvmfs/juno.ihep.ac.cn/centos7_amd64_gcc830/contrib/gcc/8.3.0/lib/gcc/x86_64-pc-linux-gnu/8.3.0/include-fixed]
  ignore line: [ /usr/include]
  ignore line: [End of search list.]
  ignore line: [GNU C17 (GCC) version 8.3.0 (x86_64-pc-linux-gnu)]
  ignore line: [	compiled by GNU C version 8.3.0  GMP version 6.1.0  MPFR version 3.1.4  MPC version 1.0.3  isl version isl-0.18-GMP]
  ignore line: []
  ignore line: [GGC heuristics: --param ggc-min-expand=100 --param ggc-min-heapsize=131072]
  ignore line: [Compiler executable checksum: 56bff176c0215faf4a91f83a86c0ddd5]
  ignore line: [COLLECT_GCC_OPTIONS='-v' '-o' 'CMakeFiles/cmTC_d00bb.dir/CMakeCCompilerABI.c.o' '-c' '-mtune=generic' '-march=x86-64']
  ignore line: [ as -v --64 -o CMakeFiles/cmTC_d00bb.dir/CMakeCCompilerABI.c.o /tmp/ccoYiuQo.s]
  ignore line: [GNU assembler version 2.28 (x86_64-pc-linux-gnu) using BFD version (GNU Binutils) 2.28]
  ignore line: [COMPILER_PATH=/cvmfs/juno.ihep.ac.cn/centos7_amd64_gcc830/contrib/gcc/8.3.0/libexec/gcc/x86_64-pc-linux-gnu/8.3.0/:/cvmfs/juno.ihep.ac.cn/centos7_amd64_gcc830/contrib/gcc/8.3.0/libexec/gcc/x86_64-pc-linux-gnu/8.3.0/:/cvmfs/juno.ihep.ac.cn/centos7_amd64_gcc830/contrib/gcc/8.3.0/libexec/gcc/x86_64-pc-linux-gnu/:/cvmfs/juno.ihep.ac.cn/centos7_amd64_gcc830/contrib/gcc/8.3.0/lib/gcc/x86_64-pc-linux-gnu/8.3.0/:/cvmfs/juno.ihep.ac.cn/centos7_amd64_gcc830/contrib/gcc/8.3.0/lib/gcc/x86_64-pc-linux-gnu/]
  ignore line: [LIBRARY_PATH=/cvmfs/juno.ihep.ac.cn/centos7_amd64_gcc830/contrib/gcc/8.3.0/lib/gcc/x86_64-pc-linux-gnu/8.3.0/:/cvmfs/juno.ihep.ac.cn/centos7_amd64_gcc830/contrib/gcc/8.3.0/lib/gcc/x86_64-pc-linux-gnu/8.3.0/../../../../lib64/:/lib/../lib64/:/usr/lib/../lib64/:/cvmfs/juno.ihep.ac.cn/centos7_amd64_gcc830/contrib/gcc/8.3.0/lib/gcc/x86_64-pc-linux-gnu/8.3.0/../../../:/lib/:/usr/lib/]
  ignore line: [COLLECT_GCC_OPTIONS='-v' '-o' 'CMakeFiles/cmTC_d00bb.dir/CMakeCCompilerABI.c.o' '-c' '-mtune=generic' '-march=x86-64']
  ignore line: [Linking C executable cmTC_d00bb]
  ignore line: [/cvmfs/juno.ihep.ac.cn/centos7_amd64_gcc830/Pre-Release/J20v1r0-branch/ExternalLibs/Cmake/3.17.0/bin/cmake -E cmake_link_script CMakeFiles/cmTC_d00bb.dir/link.txt --verbose=1]
  ignore line: [/cvmfs/juno.ihep.ac.cn/centos7_amd64_gcc830/contrib/gcc/8.3.0/bin/gcc     -v -rdynamic CMakeFiles/cmTC_d00bb.dir/CMakeCCompilerABI.c.o  -o cmTC_d00bb ]
  ignore line: [Using built-in specs.]
  ignore line: [COLLECT_GCC=/cvmfs/juno.ihep.ac.cn/centos7_amd64_gcc830/contrib/gcc/8.3.0/bin/gcc]
  ignore line: [COLLECT_LTO_WRAPPER=/cvmfs/juno.ihep.ac.cn/centos7_amd64_gcc830/contrib/gcc/8.3.0/libexec/gcc/x86_64-pc-linux-gnu/8.3.0/lto-wrapper]
  ignore line: [Target: x86_64-pc-linux-gnu]
  ignore line: [Configured with: /cvmfs/juno.ihep.ac.cn/centos7_amd64_gcc830/contrib/gcc/8.3.0/download/gcc-8.3.0/configure --prefix=/cvmfs/juno.ihep.ac.cn/centos7_amd64_gcc830/contrib/gcc/8.3.0 --enable-language=c c++ fortran --disable-multilib]
  ignore line: [Thread model: posix]
  ignore line: [gcc version 8.3.0 (GCC) ]
  ignore line: [COMPILER_PATH=/cvmfs/juno.ihep.ac.cn/centos7_amd64_gcc830/contrib/gcc/8.3.0/libexec/gcc/x86_64-pc-linux-gnu/8.3.0/:/cvmfs/juno.ihep.ac.cn/centos7_amd64_gcc830/contrib/gcc/8.3.0/libexec/gcc/x86_64-pc-linux-gnu/8.3.0/:/cvmfs/juno.ihep.ac.cn/centos7_amd64_gcc830/contrib/gcc/8.3.0/libexec/gcc/x86_64-pc-linux-gnu/:/cvmfs/juno.ihep.ac.cn/centos7_amd64_gcc830/contrib/gcc/8.3.0/lib/gcc/x86_64-pc-linux-gnu/8.3.0/:/cvmfs/juno.ihep.ac.cn/centos7_amd64_gcc830/contrib/gcc/8.3.0/lib/gcc/x86_64-pc-linux-gnu/]
  ignore line: [LIBRARY_PATH=/cvmfs/juno.ihep.ac.cn/centos7_amd64_gcc830/contrib/gcc/8.3.0/lib/gcc/x86_64-pc-linux-gnu/8.3.0/:/cvmfs/juno.ihep.ac.cn/centos7_amd64_gcc830/contrib/gcc/8.3.0/lib/gcc/x86_64-pc-linux-gnu/8.3.0/../../../../lib64/:/lib/../lib64/:/usr/lib/../lib64/:/cvmfs/juno.ihep.ac.cn/centos7_amd64_gcc830/contrib/gcc/8.3.0/lib/gcc/x86_64-pc-linux-gnu/8.3.0/../../../:/lib/:/usr/lib/]
  ignore line: [COLLECT_GCC_OPTIONS='-v' '-rdynamic' '-o' 'cmTC_d00bb' '-mtune=generic' '-march=x86-64']
  link line: [ /cvmfs/juno.ihep.ac.cn/centos7_amd64_gcc830/contrib/gcc/8.3.0/libexec/gcc/x86_64-pc-linux-gnu/8.3.0/collect2 -plugin /cvmfs/juno.ihep.ac.cn/centos7_amd64_gcc830/contrib/gcc/8.3.0/libexec/gcc/x86_64-pc-linux-gnu/8.3.0/liblto_plugin.so -plugin-opt=/cvmfs/juno.ihep.ac.cn/centos7_amd64_gcc830/contrib/gcc/8.3.0/libexec/gcc/x86_64-pc-linux-gnu/8.3.0/lto-wrapper -plugin-opt=-fresolution=/tmp/ccR4D78G.res -plugin-opt=-pass-through=-lgcc -plugin-opt=-pass-through=-lgcc_s -plugin-opt=-pass-through=-lc -plugin-opt=-pass-through=-lgcc -plugin-opt=-pass-through=-lgcc_s --eh-frame-hdr -m elf_x86_64 -export-dynamic -dynamic-linker /lib64/ld-linux-x86-64.so.2 -o cmTC_d00bb /lib/../lib64/crt1.o /lib/../lib64/crti.o /cvmfs/juno.ihep.ac.cn/centos7_amd64_gcc830/contrib/gcc/8.3.0/lib/gcc/x86_64-pc-linux-gnu/8.3.0/crtbegin.o -L/cvmfs/juno.ihep.ac.cn/centos7_amd64_gcc830/contrib/gcc/8.3.0/lib/gcc/x86_64-pc-linux-gnu/8.3.0 -L/cvmfs/juno.ihep.ac.cn/centos7_amd64_gcc830/contrib/gcc/8.3.0/lib/gcc/x86_64-pc-linux-gnu/8.3.0/../../../../lib64 -L/lib/../lib64 -L/usr/lib/../lib64 -L/cvmfs/juno.ihep.ac.cn/centos7_amd64_gcc830/contrib/gcc/8.3.0/lib/gcc/x86_64-pc-linux-gnu/8.3.0/../../.. CMakeFiles/cmTC_d00bb.dir/CMakeCCompilerABI.c.o -lgcc --as-needed -lgcc_s --no-as-needed -lc -lgcc --as-needed -lgcc_s --no-as-needed /cvmfs/juno.ihep.ac.cn/centos7_amd64_gcc830/contrib/gcc/8.3.0/lib/gcc/x86_64-pc-linux-gnu/8.3.0/crtend.o /lib/../lib64/crtn.o]
    arg [/cvmfs/juno.ihep.ac.cn/centos7_amd64_gcc830/contrib/gcc/8.3.0/libexec/gcc/x86_64-pc-linux-gnu/8.3.0/collect2] ==> ignore
    arg [-plugin] ==> ignore
    arg [/cvmfs/juno.ihep.ac.cn/centos7_amd64_gcc830/contrib/gcc/8.3.0/libexec/gcc/x86_64-pc-linux-gnu/8.3.0/liblto_plugin.so] ==> ignore
    arg [-plugin-opt=/cvmfs/juno.ihep.ac.cn/centos7_amd64_gcc830/contrib/gcc/8.3.0/libexec/gcc/x86_64-pc-linux-gnu/8.3.0/lto-wrapper] ==> ignore
    arg [-plugin-opt=-fresolution=/tmp/ccR4D78G.res] ==> ignore
    arg [-plugin-opt=-pass-through=-lgcc] ==> ignore
    arg [-plugin-opt=-pass-through=-lgcc_s] ==> ignore
    arg [-plugin-opt=-pass-through=-lc] ==> ignore
    arg [-plugin-opt=-pass-through=-lgcc] ==> ignore
    arg [-plugin-opt=-pass-through=-lgcc_s] ==> ignore
    arg [--eh-frame-hdr] ==> ignore
    arg [-m] ==> ignore
    arg [elf_x86_64] ==> ignore
    arg [-export-dynamic] ==> ignore
    arg [-dynamic-linker] ==> ignore
    arg [/lib64/ld-linux-x86-64.so.2] ==> ignore
    arg [-o] ==> ignore
    arg [cmTC_d00bb] ==> ignore
    arg [/lib/../lib64/crt1.o] ==> ignore
    arg [/lib/../lib64/crti.o] ==> ignore
    arg [/cvmfs/juno.ihep.ac.cn/centos7_amd64_gcc830/contrib/gcc/8.3.0/lib/gcc/x86_64-pc-linux-gnu/8.3.0/crtbegin.o] ==> ignore
    arg [-L/cvmfs/juno.ihep.ac.cn/centos7_amd64_gcc830/contrib/gcc/8.3.0/lib/gcc/x86_64-pc-linux-gnu/8.3.0] ==> dir [/cvmfs/juno.ihep.ac.cn/centos7_amd64_gcc830/contrib/gcc/8.3.0/lib/gcc/x86_64-pc-linux-gnu/8.3.0]
    arg [-L/cvmfs/juno.ihep.ac.cn/centos7_amd64_gcc830/contrib/gcc/8.3.0/lib/gcc/x86_64-pc-linux-gnu/8.3.0/../../../../lib64] ==> dir [/cvmfs/juno.ihep.ac.cn/centos7_amd64_gcc830/contrib/gcc/8.3.0/lib/gcc/x86_64-pc-linux-gnu/8.3.0/../../../../lib64]
    arg [-L/lib/../lib64] ==> dir [/lib/../lib64]
    arg [-L/usr/lib/../lib64] ==> dir [/usr/lib/../lib64]
    arg [-L/cvmfs/juno.ihep.ac.cn/centos7_amd64_gcc830/contrib/gcc/8.3.0/lib/gcc/x86_64-pc-linux-gnu/8.3.0/../../..] ==> dir [/cvmfs/juno.ihep.ac.cn/centos7_amd64_gcc830/contrib/gcc/8.3.0/lib/gcc/x86_64-pc-linux-gnu/8.3.0/../../..]
    arg [CMakeFiles/cmTC_d00bb.dir/CMakeCCompilerABI.c.o] ==> ignore
    arg [-lgcc] ==> lib [gcc]
    arg [--as-needed] ==> ignore
    arg [-lgcc_s] ==> lib [gcc_s]
    arg [--no-as-needed] ==> ignore
    arg [-lc] ==> lib [c]
    arg [-lgcc] ==> lib [gcc]
    arg [--as-needed] ==> ignore
    arg [-lgcc_s] ==> lib [gcc_s]
    arg [--no-as-needed] ==> ignore
    arg [/cvmfs/juno.ihep.ac.cn/centos7_amd64_gcc830/contrib/gcc/8.3.0/lib/gcc/x86_64-pc-linux-gnu/8.3.0/crtend.o] ==> ignore
    arg [/lib/../lib64/crtn.o] ==> ignore
  collapse library dir [/cvmfs/juno.ihep.ac.cn/centos7_amd64_gcc830/contrib/gcc/8.3.0/lib/gcc/x86_64-pc-linux-gnu/8.3.0] ==> [/cvmfs/juno.ihep.ac.cn/centos7_amd64_gcc830/contrib/gcc/8.3.0/lib/gcc/x86_64-pc-linux-gnu/8.3.0]
  collapse library dir [/cvmfs/juno.ihep.ac.cn/centos7_amd64_gcc830/contrib/gcc/8.3.0/lib/gcc/x86_64-pc-linux-gnu/8.3.0/../../../../lib64] ==> [/cvmfs/juno.ihep.ac.cn/centos7_amd64_gcc830/contrib/gcc/8.3.0/lib64]
  collapse library dir [/lib/../lib64] ==> [/lib64]
  collapse library dir [/usr/lib/../lib64] ==> [/usr/lib64]
  collapse library dir [/cvmfs/juno.ihep.ac.cn/centos7_amd64_gcc830/contrib/gcc/8.3.0/lib/gcc/x86_64-pc-linux-gnu/8.3.0/../../..] ==> [/cvmfs/juno.ihep.ac.cn/centos7_amd64_gcc830/contrib/gcc/8.3.0/lib]
  implicit libs: [gcc;gcc_s;c;gcc;gcc_s]
  implicit dirs: [/cvmfs/juno.ihep.ac.cn/centos7_amd64_gcc830/contrib/gcc/8.3.0/lib/gcc/x86_64-pc-linux-gnu/8.3.0;/cvmfs/juno.ihep.ac.cn/centos7_amd64_gcc830/contrib/gcc/8.3.0/lib64;/lib64;/usr/lib64;/cvmfs/juno.ihep.ac.cn/centos7_amd64_gcc830/contrib/gcc/8.3.0/lib]
  implicit fwks: []


Determining if the CXX compiler works passed with the following output:
Change Dir: /afs/ihep.ac.cn/users/l/luoxj/root_tool/build_tmp/CMakeFiles/CMakeTmp

Run Build Command(s):/usr/bin/gmake cmTC_ac20c/fast && /usr/bin/gmake -f CMakeFiles/cmTC_ac20c.dir/build.make CMakeFiles/cmTC_ac20c.dir/build
gmake[1]: Entering directory `/workfs/juno/luoxj/root_tool/build_tmp/CMakeFiles/CMakeTmp'
Building CXX object CMakeFiles/cmTC_ac20c.dir/testCXXCompiler.cxx.o
/cvmfs/juno.ihep.ac.cn/centos7_amd64_gcc830/contrib/gcc/8.3.0/bin/g++     -o CMakeFiles/cmTC_ac20c.dir/testCXXCompiler.cxx.o -c /afs/ihep.ac.cn/users/l/luoxj/root_tool/build_tmp/CMakeFiles/CMakeTmp/testCXXCompiler.cxx
Linking CXX executable cmTC_ac20c
/cvmfs/juno.ihep.ac.cn/centos7_amd64_gcc830/Pre-Release/J20v1r0-branch/ExternalLibs/Cmake/3.17.0/bin/cmake -E cmake_link_script CMakeFiles/cmTC_ac20c.dir/link.txt --verbose=1
/cvmfs/juno.ihep.ac.cn/centos7_amd64_gcc830/contrib/gcc/8.3.0/bin/g++       -rdynamic CMakeFiles/cmTC_ac20c.dir/testCXXCompiler.cxx.o  -o cmTC_ac20c 
gmake[1]: Leaving directory `/workfs/juno/luoxj/root_tool/build_tmp/CMakeFiles/CMakeTmp'



Detecting CXX compiler ABI info compiled with the following output:
Change Dir: /afs/ihep.ac.cn/users/l/luoxj/root_tool/build_tmp/CMakeFiles/CMakeTmp

Run Build Command(s):/usr/bin/gmake cmTC_831c2/fast && /usr/bin/gmake -f CMakeFiles/cmTC_831c2.dir/build.make CMakeFiles/cmTC_831c2.dir/build
gmake[1]: Entering directory `/workfs/juno/luoxj/root_tool/build_tmp/CMakeFiles/CMakeTmp'
Building CXX object CMakeFiles/cmTC_831c2.dir/CMakeCXXCompilerABI.cpp.o
/cvmfs/juno.ihep.ac.cn/centos7_amd64_gcc830/contrib/gcc/8.3.0/bin/g++    -v -o CMakeFiles/cmTC_831c2.dir/CMakeCXXCompilerABI.cpp.o -c /cvmfs/juno.ihep.ac.cn/centos7_amd64_gcc830/Pre-Release/J20v1r0-branch/ExternalLibs/Cmake/3.17.0/share/cmake-3.17/Modules/CMakeCXXCompilerABI.cpp
Using built-in specs.
COLLECT_GCC=/cvmfs/juno.ihep.ac.cn/centos7_amd64_gcc830/contrib/gcc/8.3.0/bin/g++
Target: x86_64-pc-linux-gnu
Configured with: /cvmfs/juno.ihep.ac.cn/centos7_amd64_gcc830/contrib/gcc/8.3.0/download/gcc-8.3.0/configure --prefix=/cvmfs/juno.ihep.ac.cn/centos7_amd64_gcc830/contrib/gcc/8.3.0 --enable-language=c,c++,fortran --disable-multilib
Thread model: posix
gcc version 8.3.0 (GCC) 
COLLECT_GCC_OPTIONS='-v' '-o' 'CMakeFiles/cmTC_831c2.dir/CMakeCXXCompilerABI.cpp.o' '-c' '-shared-libgcc' '-mtune=generic' '-march=x86-64'
 /cvmfs/juno.ihep.ac.cn/centos7_amd64_gcc830/contrib/gcc/8.3.0/libexec/gcc/x86_64-pc-linux-gnu/8.3.0/cc1plus -quiet -v -D_GNU_SOURCE /cvmfs/juno.ihep.ac.cn/centos7_amd64_gcc830/Pre-Release/J20v1r0-branch/ExternalLibs/Cmake/3.17.0/share/cmake-3.17/Modules/CMakeCXXCompilerABI.cpp -quiet -dumpbase CMakeCXXCompilerABI.cpp -mtune=generic -march=x86-64 -auxbase-strip CMakeFiles/cmTC_831c2.dir/CMakeCXXCompilerABI.cpp.o -version -o /tmp/cccjIGkf.s
GNU C++14 (GCC) version 8.3.0 (x86_64-pc-linux-gnu)
	compiled by GNU C version 8.3.0, GMP version 6.1.0, MPFR version 3.1.4, MPC version 1.0.3, isl version isl-0.18-GMP

GGC heuristics: --param ggc-min-expand=100 --param ggc-min-heapsize=131072
ignoring nonexistent directory "/cvmfs/juno.ihep.ac.cn/centos7_amd64_gcc830/contrib/gcc/8.3.0/lib/gcc/x86_64-pc-linux-gnu/8.3.0/../../../../x86_64-pc-linux-gnu/include"
ignoring nonexistent directory "/cvmfs/juno.ihep.ac.cn/centos7_amd64_gcc830/Pre-Release/J20v1r0-Pre2/ExternalLibs/python-yaml/5.1.2/include"
ignoring nonexistent directory "/cvmfs/juno.ihep.ac.cn/centos7_amd64_gcc830/Pre-Release/J20v1r0-Pre2/ExternalLibs/python-cython/0.29.16/include"
ignoring nonexistent directory "/cvmfs/juno.ihep.ac.cn/centos7_amd64_gcc830/Pre-Release/J20v1r0-Pre2/ExternalLibs/CMT/v1r26/include"
ignoring nonexistent directory "/cvmfs/juno.ihep.ac.cn/centos7_amd64_gcc830/Pre-Release/J20v1r0-Pre2/ExternalLibs/Cmake/3.17.0/include"
#include "..." search starts here:
#include <...> search starts here:
 /cvmfs/juno.ihep.ac.cn/centos7_amd64_gcc830/Pre-Release/J20v1r0-Pre2/ExternalLibs/frontier/2.8.20/include
 /cvmfs/juno.ihep.ac.cn/centos7_amd64_gcc830/Pre-Release/J20v1r0-Pre2/ExternalLibs/pacparser/1.3.7/include
 /cvmfs/juno.ihep.ac.cn/centos7_amd64_gcc830/Pre-Release/J20v1r0-Pre2/ExternalLibs/podio/master/include
 /cvmfs/juno.ihep.ac.cn/centos7_amd64_gcc830/Pre-Release/J20v1r0-Pre2/ExternalLibs/libyaml/0.2.2/include
 /cvmfs/juno.ihep.ac.cn/centos7_amd64_gcc830/Pre-Release/J20v1r0-Pre2/ExternalLibs/mysql-connector-cpp/1.1.8/include
 /cvmfs/juno.ihep.ac.cn/centos7_amd64_gcc830/Pre-Release/J20v1r0-Pre2/ExternalLibs/mysql-connector-c/6.1.9/include
 /cvmfs/juno.ihep.ac.cn/centos7_amd64_gcc830/Pre-Release/J20v1r0-Pre2/ExternalLibs/libmore/0.8.3/include
 /cvmfs/juno.ihep.ac.cn/centos7_amd64_gcc830/Pre-Release/J20v1r0-Pre2/ExternalLibs/Geant4/10.04.p02/include
 /cvmfs/juno.ihep.ac.cn/centos7_amd64_gcc830/Pre-Release/J20v1r0-Pre2/ExternalLibs/HepMC/2.06.09/include
 /cvmfs/juno.ihep.ac.cn/centos7_amd64_gcc830/Pre-Release/J20v1r0-Pre2/ExternalLibs/ROOT/6.20.02/include
 /cvmfs/juno.ihep.ac.cn/centos7_amd64_gcc830/Pre-Release/J20v1r0-Pre2/ExternalLibs/xrootd/4.10.0/include
 /cvmfs/juno.ihep.ac.cn/centos7_amd64_gcc830/Pre-Release/J20v1r0-Pre2/ExternalLibs/CLHEP/2.4.1.0/include
 /cvmfs/juno.ihep.ac.cn/centos7_amd64_gcc830/Pre-Release/J20v1r0-Pre2/ExternalLibs/tbb/2019_U8/include
 /cvmfs/juno.ihep.ac.cn/centos7_amd64_gcc830/Pre-Release/J20v1r0-Pre2/ExternalLibs/sqlite3/3.29.0/include
 /cvmfs/juno.ihep.ac.cn/centos7_amd64_gcc830/Pre-Release/J20v1r0-Pre2/ExternalLibs/fftw3/3.3.8/include
 /cvmfs/juno.ihep.ac.cn/centos7_amd64_gcc830/Pre-Release/J20v1r0-Pre2/ExternalLibs/gsl/2.5/include
 /cvmfs/juno.ihep.ac.cn/centos7_amd64_gcc830/Pre-Release/J20v1r0-Pre2/ExternalLibs/Xercesc/3.2.2/include
 /cvmfs/juno.ihep.ac.cn/centos7_amd64_gcc830/Pre-Release/J20v1r0-Pre2/ExternalLibs/Boost/1.72.0/include
 /cvmfs/juno.ihep.ac.cn/centos7_amd64_gcc830/Pre-Release/J20v1r0-Pre2/ExternalLibs/Python/2.7.17/include
 .
 /cvmfs/juno.ihep.ac.cn/centos7_amd64_gcc830/contrib/gcc/8.3.0/lib/gcc/x86_64-pc-linux-gnu/8.3.0/../../../../include/c++/8.3.0
 /cvmfs/juno.ihep.ac.cn/centos7_amd64_gcc830/contrib/gcc/8.3.0/lib/gcc/x86_64-pc-linux-gnu/8.3.0/../../../../include/c++/8.3.0/x86_64-pc-linux-gnu
 /cvmfs/juno.ihep.ac.cn/centos7_amd64_gcc830/contrib/gcc/8.3.0/lib/gcc/x86_64-pc-linux-gnu/8.3.0/../../../../include/c++/8.3.0/backward
 /cvmfs/juno.ihep.ac.cn/centos7_amd64_gcc830/contrib/gcc/8.3.0/lib/gcc/x86_64-pc-linux-gnu/8.3.0/include
 /usr/local/include
 /cvmfs/juno.ihep.ac.cn/centos7_amd64_gcc830/contrib/gcc/8.3.0/include
 /cvmfs/juno.ihep.ac.cn/centos7_amd64_gcc830/contrib/gcc/8.3.0/lib/gcc/x86_64-pc-linux-gnu/8.3.0/include-fixed
 /usr/include
End of search list.
GNU C++14 (GCC) version 8.3.0 (x86_64-pc-linux-gnu)
	compiled by GNU C version 8.3.0, GMP version 6.1.0, MPFR version 3.1.4, MPC version 1.0.3, isl version isl-0.18-GMP

GGC heuristics: --param ggc-min-expand=100 --param ggc-min-heapsize=131072
Compiler executable checksum: e1c99ea4a043ba35cbfacdc8fa746973
COLLECT_GCC_OPTIONS='-v' '-o' 'CMakeFiles/cmTC_831c2.dir/CMakeCXXCompilerABI.cpp.o' '-c' '-shared-libgcc' '-mtune=generic' '-march=x86-64'
 as -v --64 -o CMakeFiles/cmTC_831c2.dir/CMakeCXXCompilerABI.cpp.o /tmp/cccjIGkf.s
GNU assembler version 2.28 (x86_64-pc-linux-gnu) using BFD version (GNU Binutils) 2.28
COMPILER_PATH=/cvmfs/juno.ihep.ac.cn/centos7_amd64_gcc830/contrib/gcc/8.3.0/libexec/gcc/x86_64-pc-linux-gnu/8.3.0/:/cvmfs/juno.ihep.ac.cn/centos7_amd64_gcc830/contrib/gcc/8.3.0/libexec/gcc/x86_64-pc-linux-gnu/8.3.0/:/cvmfs/juno.ihep.ac.cn/centos7_amd64_gcc830/contrib/gcc/8.3.0/libexec/gcc/x86_64-pc-linux-gnu/:/cvmfs/juno.ihep.ac.cn/centos7_amd64_gcc830/contrib/gcc/8.3.0/lib/gcc/x86_64-pc-linux-gnu/8.3.0/:/cvmfs/juno.ihep.ac.cn/centos7_amd64_gcc830/contrib/gcc/8.3.0/lib/gcc/x86_64-pc-linux-gnu/
LIBRARY_PATH=/cvmfs/juno.ihep.ac.cn/centos7_amd64_gcc830/contrib/gcc/8.3.0/lib/gcc/x86_64-pc-linux-gnu/8.3.0/:/cvmfs/juno.ihep.ac.cn/centos7_amd64_gcc830/contrib/gcc/8.3.0/lib/gcc/x86_64-pc-linux-gnu/8.3.0/../../../../lib64/:/lib/../lib64/:/usr/lib/../lib64/:/cvmfs/juno.ihep.ac.cn/centos7_amd64_gcc830/contrib/gcc/8.3.0/lib/gcc/x86_64-pc-linux-gnu/8.3.0/../../../:/lib/:/usr/lib/
COLLECT_GCC_OPTIONS='-v' '-o' 'CMakeFiles/cmTC_831c2.dir/CMakeCXXCompilerABI.cpp.o' '-c' '-shared-libgcc' '-mtune=generic' '-march=x86-64'
Linking CXX executable cmTC_831c2
/cvmfs/juno.ihep.ac.cn/centos7_amd64_gcc830/Pre-Release/J20v1r0-branch/ExternalLibs/Cmake/3.17.0/bin/cmake -E cmake_link_script CMakeFiles/cmTC_831c2.dir/link.txt --verbose=1
/cvmfs/juno.ihep.ac.cn/centos7_amd64_gcc830/contrib/gcc/8.3.0/bin/g++      -v -rdynamic CMakeFiles/cmTC_831c2.dir/CMakeCXXCompilerABI.cpp.o  -o cmTC_831c2 
Using built-in specs.
COLLECT_GCC=/cvmfs/juno.ihep.ac.cn/centos7_amd64_gcc830/contrib/gcc/8.3.0/bin/g++
COLLECT_LTO_WRAPPER=/cvmfs/juno.ihep.ac.cn/centos7_amd64_gcc830/contrib/gcc/8.3.0/libexec/gcc/x86_64-pc-linux-gnu/8.3.0/lto-wrapper
Target: x86_64-pc-linux-gnu
Configured with: /cvmfs/juno.ihep.ac.cn/centos7_amd64_gcc830/contrib/gcc/8.3.0/download/gcc-8.3.0/configure --prefix=/cvmfs/juno.ihep.ac.cn/centos7_amd64_gcc830/contrib/gcc/8.3.0 --enable-language=c,c++,fortran --disable-multilib
Thread model: posix
gcc version 8.3.0 (GCC) 
COMPILER_PATH=/cvmfs/juno.ihep.ac.cn/centos7_amd64_gcc830/contrib/gcc/8.3.0/libexec/gcc/x86_64-pc-linux-gnu/8.3.0/:/cvmfs/juno.ihep.ac.cn/centos7_amd64_gcc830/contrib/gcc/8.3.0/libexec/gcc/x86_64-pc-linux-gnu/8.3.0/:/cvmfs/juno.ihep.ac.cn/centos7_amd64_gcc830/contrib/gcc/8.3.0/libexec/gcc/x86_64-pc-linux-gnu/:/cvmfs/juno.ihep.ac.cn/centos7_amd64_gcc830/contrib/gcc/8.3.0/lib/gcc/x86_64-pc-linux-gnu/8.3.0/:/cvmfs/juno.ihep.ac.cn/centos7_amd64_gcc830/contrib/gcc/8.3.0/lib/gcc/x86_64-pc-linux-gnu/
LIBRARY_PATH=/cvmfs/juno.ihep.ac.cn/centos7_amd64_gcc830/contrib/gcc/8.3.0/lib/gcc/x86_64-pc-linux-gnu/8.3.0/:/cvmfs/juno.ihep.ac.cn/centos7_amd64_gcc830/contrib/gcc/8.3.0/lib/gcc/x86_64-pc-linux-gnu/8.3.0/../../../../lib64/:/lib/../lib64/:/usr/lib/../lib64/:/cvmfs/juno.ihep.ac.cn/centos7_amd64_gcc830/contrib/gcc/8.3.0/lib/gcc/x86_64-pc-linux-gnu/8.3.0/../../../:/lib/:/usr/lib/
COLLECT_GCC_OPTIONS='-v' '-rdynamic' '-o' 'cmTC_831c2' '-shared-libgcc' '-mtune=generic' '-march=x86-64'
 /cvmfs/juno.ihep.ac.cn/centos7_amd64_gcc830/contrib/gcc/8.3.0/libexec/gcc/x86_64-pc-linux-gnu/8.3.0/collect2 -plugin /cvmfs/juno.ihep.ac.cn/centos7_amd64_gcc830/contrib/gcc/8.3.0/libexec/gcc/x86_64-pc-linux-gnu/8.3.0/liblto_plugin.so -plugin-opt=/cvmfs/juno.ihep.ac.cn/centos7_amd64_gcc830/contrib/gcc/8.3.0/libexec/gcc/x86_64-pc-linux-gnu/8.3.0/lto-wrapper -plugin-opt=-fresolution=/tmp/cctSQexx.res -plugin-opt=-pass-through=-lgcc_s -plugin-opt=-pass-through=-lgcc -plugin-opt=-pass-through=-lc -plugin-opt=-pass-through=-lgcc_s -plugin-opt=-pass-through=-lgcc --eh-frame-hdr -m elf_x86_64 -export-dynamic -dynamic-linker /lib64/ld-linux-x86-64.so.2 -o cmTC_831c2 /lib/../lib64/crt1.o /lib/../lib64/crti.o /cvmfs/juno.ihep.ac.cn/centos7_amd64_gcc830/contrib/gcc/8.3.0/lib/gcc/x86_64-pc-linux-gnu/8.3.0/crtbegin.o -L/cvmfs/juno.ihep.ac.cn/centos7_amd64_gcc830/contrib/gcc/8.3.0/lib/gcc/x86_64-pc-linux-gnu/8.3.0 -L/cvmfs/juno.ihep.ac.cn/centos7_amd64_gcc830/contrib/gcc/8.3.0/lib/gcc/x86_64-pc-linux-gnu/8.3.0/../../../../lib64 -L/lib/../lib64 -L/usr/lib/../lib64 -L/cvmfs/juno.ihep.ac.cn/centos7_amd64_gcc830/contrib/gcc/8.3.0/lib/gcc/x86_64-pc-linux-gnu/8.3.0/../../.. CMakeFiles/cmTC_831c2.dir/CMakeCXXCompilerABI.cpp.o -lstdc++ -lm -lgcc_s -lgcc -lc -lgcc_s -lgcc /cvmfs/juno.ihep.ac.cn/centos7_amd64_gcc830/contrib/gcc/8.3.0/lib/gcc/x86_64-pc-linux-gnu/8.3.0/crtend.o /lib/../lib64/crtn.o
COLLECT_GCC_OPTIONS='-v' '-rdynamic' '-o' 'cmTC_831c2' '-shared-libgcc' '-mtune=generic' '-march=x86-64'
gmake[1]: Leaving directory `/workfs/juno/luoxj/root_tool/build_tmp/CMakeFiles/CMakeTmp'



Parsed CXX implicit include dir info from above output: rv=done
  found start of include info
  found start of implicit include info
    add: [/cvmfs/juno.ihep.ac.cn/centos7_amd64_gcc830/Pre-Release/J20v1r0-Pre2/ExternalLibs/frontier/2.8.20/include]
    add: [/cvmfs/juno.ihep.ac.cn/centos7_amd64_gcc830/Pre-Release/J20v1r0-Pre2/ExternalLibs/pacparser/1.3.7/include]
    add: [/cvmfs/juno.ihep.ac.cn/centos7_amd64_gcc830/Pre-Release/J20v1r0-Pre2/ExternalLibs/podio/master/include]
    add: [/cvmfs/juno.ihep.ac.cn/centos7_amd64_gcc830/Pre-Release/J20v1r0-Pre2/ExternalLibs/libyaml/0.2.2/include]
    add: [/cvmfs/juno.ihep.ac.cn/centos7_amd64_gcc830/Pre-Release/J20v1r0-Pre2/ExternalLibs/mysql-connector-cpp/1.1.8/include]
    add: [/cvmfs/juno.ihep.ac.cn/centos7_amd64_gcc830/Pre-Release/J20v1r0-Pre2/ExternalLibs/mysql-connector-c/6.1.9/include]
    add: [/cvmfs/juno.ihep.ac.cn/centos7_amd64_gcc830/Pre-Release/J20v1r0-Pre2/ExternalLibs/libmore/0.8.3/include]
    add: [/cvmfs/juno.ihep.ac.cn/centos7_amd64_gcc830/Pre-Release/J20v1r0-Pre2/ExternalLibs/Geant4/10.04.p02/include]
    add: [/cvmfs/juno.ihep.ac.cn/centos7_amd64_gcc830/Pre-Release/J20v1r0-Pre2/ExternalLibs/HepMC/2.06.09/include]
    add: [/cvmfs/juno.ihep.ac.cn/centos7_amd64_gcc830/Pre-Release/J20v1r0-Pre2/ExternalLibs/ROOT/6.20.02/include]
    add: [/cvmfs/juno.ihep.ac.cn/centos7_amd64_gcc830/Pre-Release/J20v1r0-Pre2/ExternalLibs/xrootd/4.10.0/include]
    add: [/cvmfs/juno.ihep.ac.cn/centos7_amd64_gcc830/Pre-Release/J20v1r0-Pre2/ExternalLibs/CLHEP/2.4.1.0/include]
    add: [/cvmfs/juno.ihep.ac.cn/centos7_amd64_gcc830/Pre-Release/J20v1r0-Pre2/ExternalLibs/tbb/2019_U8/include]
    add: [/cvmfs/juno.ihep.ac.cn/centos7_amd64_gcc830/Pre-Release/J20v1r0-Pre2/ExternalLibs/sqlite3/3.29.0/include]
    add: [/cvmfs/juno.ihep.ac.cn/centos7_amd64_gcc830/Pre-Release/J20v1r0-Pre2/ExternalLibs/fftw3/3.3.8/include]
    add: [/cvmfs/juno.ihep.ac.cn/centos7_amd64_gcc830/Pre-Release/J20v1r0-Pre2/ExternalLibs/gsl/2.5/include]
    add: [/cvmfs/juno.ihep.ac.cn/centos7_amd64_gcc830/Pre-Release/J20v1r0-Pre2/ExternalLibs/Xercesc/3.2.2/include]
    add: [/cvmfs/juno.ihep.ac.cn/centos7_amd64_gcc830/Pre-Release/J20v1r0-Pre2/ExternalLibs/Boost/1.72.0/include]
    add: [/cvmfs/juno.ihep.ac.cn/centos7_amd64_gcc830/Pre-Release/J20v1r0-Pre2/ExternalLibs/Python/2.7.17/include]
    add: [.]
    add: [/cvmfs/juno.ihep.ac.cn/centos7_amd64_gcc830/contrib/gcc/8.3.0/lib/gcc/x86_64-pc-linux-gnu/8.3.0/../../../../include/c++/8.3.0]
    add: [/cvmfs/juno.ihep.ac.cn/centos7_amd64_gcc830/contrib/gcc/8.3.0/lib/gcc/x86_64-pc-linux-gnu/8.3.0/../../../../include/c++/8.3.0/x86_64-pc-linux-gnu]
    add: [/cvmfs/juno.ihep.ac.cn/centos7_amd64_gcc830/contrib/gcc/8.3.0/lib/gcc/x86_64-pc-linux-gnu/8.3.0/../../../../include/c++/8.3.0/backward]
    add: [/cvmfs/juno.ihep.ac.cn/centos7_amd64_gcc830/contrib/gcc/8.3.0/lib/gcc/x86_64-pc-linux-gnu/8.3.0/include]
    add: [/usr/local/include]
    add: [/cvmfs/juno.ihep.ac.cn/centos7_amd64_gcc830/contrib/gcc/8.3.0/include]
    add: [/cvmfs/juno.ihep.ac.cn/centos7_amd64_gcc830/contrib/gcc/8.3.0/lib/gcc/x86_64-pc-linux-gnu/8.3.0/include-fixed]
    add: [/usr/include]
  end of search list found
  collapse include dir [/cvmfs/juno.ihep.ac.cn/centos7_amd64_gcc830/Pre-Release/J20v1r0-Pre2/ExternalLibs/frontier/2.8.20/include] ==> [/cvmfs/juno.ihep.ac.cn/centos7_amd64_gcc830/Pre-Release/J20v1r0-Pre2/ExternalLibs/frontier/2.8.20/include]
  collapse include dir [/cvmfs/juno.ihep.ac.cn/centos7_amd64_gcc830/Pre-Release/J20v1r0-Pre2/ExternalLibs/pacparser/1.3.7/include] ==> [/cvmfs/juno.ihep.ac.cn/centos7_amd64_gcc830/Pre-Release/J20v1r0-Pre2/ExternalLibs/pacparser/1.3.7/include]
  collapse include dir [/cvmfs/juno.ihep.ac.cn/centos7_amd64_gcc830/Pre-Release/J20v1r0-Pre2/ExternalLibs/podio/master/include] ==> [/cvmfs/juno.ihep.ac.cn/centos7_amd64_gcc830/Pre-Release/J20v1r0-Pre2/ExternalLibs/podio/master/include]
  collapse include dir [/cvmfs/juno.ihep.ac.cn/centos7_amd64_gcc830/Pre-Release/J20v1r0-Pre2/ExternalLibs/libyaml/0.2.2/include] ==> [/cvmfs/juno.ihep.ac.cn/centos7_amd64_gcc830/Pre-Release/J20v1r0-Pre2/ExternalLibs/libyaml/0.2.2/include]
  collapse include dir [/cvmfs/juno.ihep.ac.cn/centos7_amd64_gcc830/Pre-Release/J20v1r0-Pre2/ExternalLibs/mysql-connector-cpp/1.1.8/include] ==> [/cvmfs/juno.ihep.ac.cn/centos7_amd64_gcc830/Pre-Release/J20v1r0-Pre2/ExternalLibs/mysql-connector-cpp/1.1.8/include]
  collapse include dir [/cvmfs/juno.ihep.ac.cn/centos7_amd64_gcc830/Pre-Release/J20v1r0-Pre2/ExternalLibs/mysql-connector-c/6.1.9/include] ==> [/cvmfs/juno.ihep.ac.cn/centos7_amd64_gcc830/Pre-Release/J20v1r0-Pre2/ExternalLibs/mysql-connector-c/6.1.9/include]
  collapse include dir [/cvmfs/juno.ihep.ac.cn/centos7_amd64_gcc830/Pre-Release/J20v1r0-Pre2/ExternalLibs/libmore/0.8.3/include] ==> [/cvmfs/juno.ihep.ac.cn/centos7_amd64_gcc830/Pre-Release/J20v1r0-Pre2/ExternalLibs/libmore/0.8.3/include]
  collapse include dir [/cvmfs/juno.ihep.ac.cn/centos7_amd64_gcc830/Pre-Release/J20v1r0-Pre2/ExternalLibs/Geant4/10.04.p02/include] ==> [/cvmfs/juno.ihep.ac.cn/centos7_amd64_gcc830/Pre-Release/J20v1r0-Pre2/ExternalLibs/Geant4/10.04.p02/include]
  collapse include dir [/cvmfs/juno.ihep.ac.cn/centos7_amd64_gcc830/Pre-Release/J20v1r0-Pre2/ExternalLibs/HepMC/2.06.09/include] ==> [/cvmfs/juno.ihep.ac.cn/centos7_amd64_gcc830/Pre-Release/J20v1r0-Pre2/ExternalLibs/HepMC/2.06.09/include]
  collapse include dir [/cvmfs/juno.ihep.ac.cn/centos7_amd64_gcc830/Pre-Release/J20v1r0-Pre2/ExternalLibs/ROOT/6.20.02/include] ==> [/cvmfs/juno.ihep.ac.cn/centos7_amd64_gcc830/Pre-Release/J20v1r0-Pre2/ExternalLibs/ROOT/6.20.02/include]
  collapse include dir [/cvmfs/juno.ihep.ac.cn/centos7_amd64_gcc830/Pre-Release/J20v1r0-Pre2/ExternalLibs/xrootd/4.10.0/include] ==> [/cvmfs/juno.ihep.ac.cn/centos7_amd64_gcc830/Pre-Release/J20v1r0-Pre2/ExternalLibs/xrootd/4.10.0/include]
  collapse include dir [/cvmfs/juno.ihep.ac.cn/centos7_amd64_gcc830/Pre-Release/J20v1r0-Pre2/ExternalLibs/CLHEP/2.4.1.0/include] ==> [/cvmfs/juno.ihep.ac.cn/centos7_amd64_gcc830/Pre-Release/J20v1r0-Pre2/ExternalLibs/CLHEP/2.4.1.0/include]
  collapse include dir [/cvmfs/juno.ihep.ac.cn/centos7_amd64_gcc830/Pre-Release/J20v1r0-Pre2/ExternalLibs/tbb/2019_U8/include] ==> [/cvmfs/juno.ihep.ac.cn/centos7_amd64_gcc830/Pre-Release/J20v1r0-Pre2/ExternalLibs/tbb/2019_U8/include]
  collapse include dir [/cvmfs/juno.ihep.ac.cn/centos7_amd64_gcc830/Pre-Release/J20v1r0-Pre2/ExternalLibs/sqlite3/3.29.0/include] ==> [/cvmfs/juno.ihep.ac.cn/centos7_amd64_gcc830/Pre-Release/J20v1r0-Pre2/ExternalLibs/sqlite3/3.29.0/include]
  collapse include dir [/cvmfs/juno.ihep.ac.cn/centos7_amd64_gcc830/Pre-Release/J20v1r0-Pre2/ExternalLibs/fftw3/3.3.8/include] ==> [/cvmfs/juno.ihep.ac.cn/centos7_amd64_gcc830/Pre-Release/J20v1r0-Pre2/ExternalLibs/fftw3/3.3.8/include]
  collapse include dir [/cvmfs/juno.ihep.ac.cn/centos7_amd64_gcc830/Pre-Release/J20v1r0-Pre2/ExternalLibs/gsl/2.5/include] ==> [/cvmfs/juno.ihep.ac.cn/centos7_amd64_gcc830/Pre-Release/J20v1r0-Pre2/ExternalLibs/gsl/2.5/include]
  collapse include dir [/cvmfs/juno.ihep.ac.cn/centos7_amd64_gcc830/Pre-Release/J20v1r0-Pre2/ExternalLibs/Xercesc/3.2.2/include] ==> [/cvmfs/juno.ihep.ac.cn/centos7_amd64_gcc830/Pre-Release/J20v1r0-Pre2/ExternalLibs/Xercesc/3.2.2/include]
  collapse include dir [/cvmfs/juno.ihep.ac.cn/centos7_amd64_gcc830/Pre-Release/J20v1r0-Pre2/ExternalLibs/Boost/1.72.0/include] ==> [/cvmfs/juno.ihep.ac.cn/centos7_amd64_gcc830/Pre-Release/J20v1r0-Pre2/ExternalLibs/Boost/1.72.0/include]
  collapse include dir [/cvmfs/juno.ihep.ac.cn/centos7_amd64_gcc830/Pre-Release/J20v1r0-Pre2/ExternalLibs/Python/2.7.17/include] ==> [/cvmfs/juno.ihep.ac.cn/centos7_amd64_gcc830/Pre-Release/J20v1r0-Pre2/ExternalLibs/Python/2.7.17/include]
  skipping relative include dir [.]
  collapse include dir [/cvmfs/juno.ihep.ac.cn/centos7_amd64_gcc830/contrib/gcc/8.3.0/lib/gcc/x86_64-pc-linux-gnu/8.3.0/../../../../include/c++/8.3.0] ==> [/cvmfs/juno.ihep.ac.cn/centos7_amd64_gcc830/contrib/gcc/8.3.0/include/c++/8.3.0]
  collapse include dir [/cvmfs/juno.ihep.ac.cn/centos7_amd64_gcc830/contrib/gcc/8.3.0/lib/gcc/x86_64-pc-linux-gnu/8.3.0/../../../../include/c++/8.3.0/x86_64-pc-linux-gnu] ==> [/cvmfs/juno.ihep.ac.cn/centos7_amd64_gcc830/contrib/gcc/8.3.0/include/c++/8.3.0/x86_64-pc-linux-gnu]
  collapse include dir [/cvmfs/juno.ihep.ac.cn/centos7_amd64_gcc830/contrib/gcc/8.3.0/lib/gcc/x86_64-pc-linux-gnu/8.3.0/../../../../include/c++/8.3.0/backward] ==> [/cvmfs/juno.ihep.ac.cn/centos7_amd64_gcc830/contrib/gcc/8.3.0/include/c++/8.3.0/backward]
  collapse include dir [/cvmfs/juno.ihep.ac.cn/centos7_amd64_gcc830/contrib/gcc/8.3.0/lib/gcc/x86_64-pc-linux-gnu/8.3.0/include] ==> [/cvmfs/juno.ihep.ac.cn/centos7_amd64_gcc830/contrib/gcc/8.3.0/lib/gcc/x86_64-pc-linux-gnu/8.3.0/include]
  collapse include dir [/usr/local/include] ==> [/usr/local/include]
  collapse include dir [/cvmfs/juno.ihep.ac.cn/centos7_amd64_gcc830/contrib/gcc/8.3.0/include] ==> [/cvmfs/juno.ihep.ac.cn/centos7_amd64_gcc830/contrib/gcc/8.3.0/include]
  collapse include dir [/cvmfs/juno.ihep.ac.cn/centos7_amd64_gcc830/contrib/gcc/8.3.0/lib/gcc/x86_64-pc-linux-gnu/8.3.0/include-fixed] ==> [/cvmfs/juno.ihep.ac.cn/centos7_amd64_gcc830/contrib/gcc/8.3.0/lib/gcc/x86_64-pc-linux-gnu/8.3.0/include-fixed]
  collapse include dir [/usr/include] ==> [/usr/include]
  implicit include dirs: [/cvmfs/juno.ihep.ac.cn/centos7_amd64_gcc830/Pre-Release/J20v1r0-Pre2/ExternalLibs/frontier/2.8.20/include;/cvmfs/juno.ihep.ac.cn/centos7_amd64_gcc830/Pre-Release/J20v1r0-Pre2/ExternalLibs/pacparser/1.3.7/include;/cvmfs/juno.ihep.ac.cn/centos7_amd64_gcc830/Pre-Release/J20v1r0-Pre2/ExternalLibs/podio/master/include;/cvmfs/juno.ihep.ac.cn/centos7_amd64_gcc830/Pre-Release/J20v1r0-Pre2/ExternalLibs/libyaml/0.2.2/include;/cvmfs/juno.ihep.ac.cn/centos7_amd64_gcc830/Pre-Release/J20v1r0-Pre2/ExternalLibs/mysql-connector-cpp/1.1.8/include;/cvmfs/juno.ihep.ac.cn/centos7_amd64_gcc830/Pre-Release/J20v1r0-Pre2/ExternalLibs/mysql-connector-c/6.1.9/include;/cvmfs/juno.ihep.ac.cn/centos7_amd64_gcc830/Pre-Release/J20v1r0-Pre2/ExternalLibs/libmore/0.8.3/include;/cvmfs/juno.ihep.ac.cn/centos7_amd64_gcc830/Pre-Release/J20v1r0-Pre2/ExternalLibs/Geant4/10.04.p02/include;/cvmfs/juno.ihep.ac.cn/centos7_amd64_gcc830/Pre-Release/J20v1r0-Pre2/ExternalLibs/HepMC/2.06.09/include;/cvmfs/juno.ihep.ac.cn/centos7_amd64_gcc830/Pre-Release/J20v1r0-Pre2/ExternalLibs/ROOT/6.20.02/include;/cvmfs/juno.ihep.ac.cn/centos7_amd64_gcc830/Pre-Release/J20v1r0-Pre2/ExternalLibs/xrootd/4.10.0/include;/cvmfs/juno.ihep.ac.cn/centos7_amd64_gcc830/Pre-Release/J20v1r0-Pre2/ExternalLibs/CLHEP/2.4.1.0/include;/cvmfs/juno.ihep.ac.cn/centos7_amd64_gcc830/Pre-Release/J20v1r0-Pre2/ExternalLibs/tbb/2019_U8/include;/cvmfs/juno.ihep.ac.cn/centos7_amd64_gcc830/Pre-Release/J20v1r0-Pre2/ExternalLibs/sqlite3/3.29.0/include;/cvmfs/juno.ihep.ac.cn/centos7_amd64_gcc830/Pre-Release/J20v1r0-Pre2/ExternalLibs/fftw3/3.3.8/include;/cvmfs/juno.ihep.ac.cn/centos7_amd64_gcc830/Pre-Release/J20v1r0-Pre2/ExternalLibs/gsl/2.5/include;/cvmfs/juno.ihep.ac.cn/centos7_amd64_gcc830/Pre-Release/J20v1r0-Pre2/ExternalLibs/Xercesc/3.2.2/include;/cvmfs/juno.ihep.ac.cn/centos7_amd64_gcc830/Pre-Release/J20v1r0-Pre2/ExternalLibs/Boost/1.72.0/include;/cvmfs/juno.ihep.ac.cn/centos7_amd64_gcc830/Pre-Release/J20v1r0-Pre2/ExternalLibs/Python/2.7.17/include;/cvmfs/juno.ihep.ac.cn/centos7_amd64_gcc830/contrib/gcc/8.3.0/include/c++/8.3.0;/cvmfs/juno.ihep.ac.cn/centos7_amd64_gcc830/contrib/gcc/8.3.0/include/c++/8.3.0/x86_64-pc-linux-gnu;/cvmfs/juno.ihep.ac.cn/centos7_amd64_gcc830/contrib/gcc/8.3.0/include/c++/8.3.0/backward;/cvmfs/juno.ihep.ac.cn/centos7_amd64_gcc830/contrib/gcc/8.3.0/lib/gcc/x86_64-pc-linux-gnu/8.3.0/include;/usr/local/include;/cvmfs/juno.ihep.ac.cn/centos7_amd64_gcc830/contrib/gcc/8.3.0/include;/cvmfs/juno.ihep.ac.cn/centos7_amd64_gcc830/contrib/gcc/8.3.0/lib/gcc/x86_64-pc-linux-gnu/8.3.0/include-fixed;/usr/include]


Parsed CXX implicit link information from above output:
  link line regex: [^( *|.*[/\])(ld|CMAKE_LINK_STARTFILE-NOTFOUND|([^/\]+-)?ld|collect2)[^/\]*( |$)]
  ignore line: [Change Dir: /afs/ihep.ac.cn/users/l/luoxj/root_tool/build_tmp/CMakeFiles/CMakeTmp]
  ignore line: []
  ignore line: [Run Build Command(s):/usr/bin/gmake cmTC_831c2/fast && /usr/bin/gmake -f CMakeFiles/cmTC_831c2.dir/build.make CMakeFiles/cmTC_831c2.dir/build]
  ignore line: [gmake[1]: Entering directory `/workfs/juno/luoxj/root_tool/build_tmp/CMakeFiles/CMakeTmp']
  ignore line: [Building CXX object CMakeFiles/cmTC_831c2.dir/CMakeCXXCompilerABI.cpp.o]
  ignore line: [/cvmfs/juno.ihep.ac.cn/centos7_amd64_gcc830/contrib/gcc/8.3.0/bin/g++    -v -o CMakeFiles/cmTC_831c2.dir/CMakeCXXCompilerABI.cpp.o -c /cvmfs/juno.ihep.ac.cn/centos7_amd64_gcc830/Pre-Release/J20v1r0-branch/ExternalLibs/Cmake/3.17.0/share/cmake-3.17/Modules/CMakeCXXCompilerABI.cpp]
  ignore line: [Using built-in specs.]
  ignore line: [COLLECT_GCC=/cvmfs/juno.ihep.ac.cn/centos7_amd64_gcc830/contrib/gcc/8.3.0/bin/g++]
  ignore line: [Target: x86_64-pc-linux-gnu]
  ignore line: [Configured with: /cvmfs/juno.ihep.ac.cn/centos7_amd64_gcc830/contrib/gcc/8.3.0/download/gcc-8.3.0/configure --prefix=/cvmfs/juno.ihep.ac.cn/centos7_amd64_gcc830/contrib/gcc/8.3.0 --enable-language=c c++ fortran --disable-multilib]
  ignore line: [Thread model: posix]
  ignore line: [gcc version 8.3.0 (GCC) ]
  ignore line: [COLLECT_GCC_OPTIONS='-v' '-o' 'CMakeFiles/cmTC_831c2.dir/CMakeCXXCompilerABI.cpp.o' '-c' '-shared-libgcc' '-mtune=generic' '-march=x86-64']
  ignore line: [ /cvmfs/juno.ihep.ac.cn/centos7_amd64_gcc830/contrib/gcc/8.3.0/libexec/gcc/x86_64-pc-linux-gnu/8.3.0/cc1plus -quiet -v -D_GNU_SOURCE /cvmfs/juno.ihep.ac.cn/centos7_amd64_gcc830/Pre-Release/J20v1r0-branch/ExternalLibs/Cmake/3.17.0/share/cmake-3.17/Modules/CMakeCXXCompilerABI.cpp -quiet -dumpbase CMakeCXXCompilerABI.cpp -mtune=generic -march=x86-64 -auxbase-strip CMakeFiles/cmTC_831c2.dir/CMakeCXXCompilerABI.cpp.o -version -o /tmp/cccjIGkf.s]
  ignore line: [GNU C++14 (GCC) version 8.3.0 (x86_64-pc-linux-gnu)]
  ignore line: [	compiled by GNU C version 8.3.0  GMP version 6.1.0  MPFR version 3.1.4  MPC version 1.0.3  isl version isl-0.18-GMP]
  ignore line: []
  ignore line: [GGC heuristics: --param ggc-min-expand=100 --param ggc-min-heapsize=131072]
  ignore line: [ignoring nonexistent directory "/cvmfs/juno.ihep.ac.cn/centos7_amd64_gcc830/contrib/gcc/8.3.0/lib/gcc/x86_64-pc-linux-gnu/8.3.0/../../../../x86_64-pc-linux-gnu/include"]
  ignore line: [ignoring nonexistent directory "/cvmfs/juno.ihep.ac.cn/centos7_amd64_gcc830/Pre-Release/J20v1r0-Pre2/ExternalLibs/python-yaml/5.1.2/include"]
  ignore line: [ignoring nonexistent directory "/cvmfs/juno.ihep.ac.cn/centos7_amd64_gcc830/Pre-Release/J20v1r0-Pre2/ExternalLibs/python-cython/0.29.16/include"]
  ignore line: [ignoring nonexistent directory "/cvmfs/juno.ihep.ac.cn/centos7_amd64_gcc830/Pre-Release/J20v1r0-Pre2/ExternalLibs/CMT/v1r26/include"]
  ignore line: [ignoring nonexistent directory "/cvmfs/juno.ihep.ac.cn/centos7_amd64_gcc830/Pre-Release/J20v1r0-Pre2/ExternalLibs/Cmake/3.17.0/include"]
  ignore line: [#include "..." search starts here:]
  ignore line: [#include <...> search starts here:]
  ignore line: [ /cvmfs/juno.ihep.ac.cn/centos7_amd64_gcc830/Pre-Release/J20v1r0-Pre2/ExternalLibs/frontier/2.8.20/include]
  ignore line: [ /cvmfs/juno.ihep.ac.cn/centos7_amd64_gcc830/Pre-Release/J20v1r0-Pre2/ExternalLibs/pacparser/1.3.7/include]
  ignore line: [ /cvmfs/juno.ihep.ac.cn/centos7_amd64_gcc830/Pre-Release/J20v1r0-Pre2/ExternalLibs/podio/master/include]
  ignore line: [ /cvmfs/juno.ihep.ac.cn/centos7_amd64_gcc830/Pre-Release/J20v1r0-Pre2/ExternalLibs/libyaml/0.2.2/include]
  ignore line: [ /cvmfs/juno.ihep.ac.cn/centos7_amd64_gcc830/Pre-Release/J20v1r0-Pre2/ExternalLibs/mysql-connector-cpp/1.1.8/include]
  ignore line: [ /cvmfs/juno.ihep.ac.cn/centos7_amd64_gcc830/Pre-Release/J20v1r0-Pre2/ExternalLibs/mysql-connector-c/6.1.9/include]
  ignore line: [ /cvmfs/juno.ihep.ac.cn/centos7_amd64_gcc830/Pre-Release/J20v1r0-Pre2/ExternalLibs/libmore/0.8.3/include]
  ignore line: [ /cvmfs/juno.ihep.ac.cn/centos7_amd64_gcc830/Pre-Release/J20v1r0-Pre2/ExternalLibs/Geant4/10.04.p02/include]
  ignore line: [ /cvmfs/juno.ihep.ac.cn/centos7_amd64_gcc830/Pre-Release/J20v1r0-Pre2/ExternalLibs/HepMC/2.06.09/include]
  ignore line: [ /cvmfs/juno.ihep.ac.cn/centos7_amd64_gcc830/Pre-Release/J20v1r0-Pre2/ExternalLibs/ROOT/6.20.02/include]
  ignore line: [ /cvmfs/juno.ihep.ac.cn/centos7_amd64_gcc830/Pre-Release/J20v1r0-Pre2/ExternalLibs/xrootd/4.10.0/include]
  ignore line: [ /cvmfs/juno.ihep.ac.cn/centos7_amd64_gcc830/Pre-Release/J20v1r0-Pre2/ExternalLibs/CLHEP/2.4.1.0/include]
  ignore line: [ /cvmfs/juno.ihep.ac.cn/centos7_amd64_gcc830/Pre-Release/J20v1r0-Pre2/ExternalLibs/tbb/2019_U8/include]
  ignore line: [ /cvmfs/juno.ihep.ac.cn/centos7_amd64_gcc830/Pre-Release/J20v1r0-Pre2/ExternalLibs/sqlite3/3.29.0/include]
  ignore line: [ /cvmfs/juno.ihep.ac.cn/centos7_amd64_gcc830/Pre-Release/J20v1r0-Pre2/ExternalLibs/fftw3/3.3.8/include]
  ignore line: [ /cvmfs/juno.ihep.ac.cn/centos7_amd64_gcc830/Pre-Release/J20v1r0-Pre2/ExternalLibs/gsl/2.5/include]
  ignore line: [ /cvmfs/juno.ihep.ac.cn/centos7_amd64_gcc830/Pre-Release/J20v1r0-Pre2/ExternalLibs/Xercesc/3.2.2/include]
  ignore line: [ /cvmfs/juno.ihep.ac.cn/centos7_amd64_gcc830/Pre-Release/J20v1r0-Pre2/ExternalLibs/Boost/1.72.0/include]
  ignore line: [ /cvmfs/juno.ihep.ac.cn/centos7_amd64_gcc830/Pre-Release/J20v1r0-Pre2/ExternalLibs/Python/2.7.17/include]
  ignore line: [ .]
  ignore line: [ /cvmfs/juno.ihep.ac.cn/centos7_amd64_gcc830/contrib/gcc/8.3.0/lib/gcc/x86_64-pc-linux-gnu/8.3.0/../../../../include/c++/8.3.0]
  ignore line: [ /cvmfs/juno.ihep.ac.cn/centos7_amd64_gcc830/contrib/gcc/8.3.0/lib/gcc/x86_64-pc-linux-gnu/8.3.0/../../../../include/c++/8.3.0/x86_64-pc-linux-gnu]
  ignore line: [ /cvmfs/juno.ihep.ac.cn/centos7_amd64_gcc830/contrib/gcc/8.3.0/lib/gcc/x86_64-pc-linux-gnu/8.3.0/../../../../include/c++/8.3.0/backward]
  ignore line: [ /cvmfs/juno.ihep.ac.cn/centos7_amd64_gcc830/contrib/gcc/8.3.0/lib/gcc/x86_64-pc-linux-gnu/8.3.0/include]
  ignore line: [ /usr/local/include]
  ignore line: [ /cvmfs/juno.ihep.ac.cn/centos7_amd64_gcc830/contrib/gcc/8.3.0/include]
  ignore line: [ /cvmfs/juno.ihep.ac.cn/centos7_amd64_gcc830/contrib/gcc/8.3.0/lib/gcc/x86_64-pc-linux-gnu/8.3.0/include-fixed]
  ignore line: [ /usr/include]
  ignore line: [End of search list.]
  ignore line: [GNU C++14 (GCC) version 8.3.0 (x86_64-pc-linux-gnu)]
  ignore line: [	compiled by GNU C version 8.3.0  GMP version 6.1.0  MPFR version 3.1.4  MPC version 1.0.3  isl version isl-0.18-GMP]
  ignore line: []
  ignore line: [GGC heuristics: --param ggc-min-expand=100 --param ggc-min-heapsize=131072]
  ignore line: [Compiler executable checksum: e1c99ea4a043ba35cbfacdc8fa746973]
  ignore line: [COLLECT_GCC_OPTIONS='-v' '-o' 'CMakeFiles/cmTC_831c2.dir/CMakeCXXCompilerABI.cpp.o' '-c' '-shared-libgcc' '-mtune=generic' '-march=x86-64']
  ignore line: [ as -v --64 -o CMakeFiles/cmTC_831c2.dir/CMakeCXXCompilerABI.cpp.o /tmp/cccjIGkf.s]
  ignore line: [GNU assembler version 2.28 (x86_64-pc-linux-gnu) using BFD version (GNU Binutils) 2.28]
  ignore line: [COMPILER_PATH=/cvmfs/juno.ihep.ac.cn/centos7_amd64_gcc830/contrib/gcc/8.3.0/libexec/gcc/x86_64-pc-linux-gnu/8.3.0/:/cvmfs/juno.ihep.ac.cn/centos7_amd64_gcc830/contrib/gcc/8.3.0/libexec/gcc/x86_64-pc-linux-gnu/8.3.0/:/cvmfs/juno.ihep.ac.cn/centos7_amd64_gcc830/contrib/gcc/8.3.0/libexec/gcc/x86_64-pc-linux-gnu/:/cvmfs/juno.ihep.ac.cn/centos7_amd64_gcc830/contrib/gcc/8.3.0/lib/gcc/x86_64-pc-linux-gnu/8.3.0/:/cvmfs/juno.ihep.ac.cn/centos7_amd64_gcc830/contrib/gcc/8.3.0/lib/gcc/x86_64-pc-linux-gnu/]
  ignore line: [LIBRARY_PATH=/cvmfs/juno.ihep.ac.cn/centos7_amd64_gcc830/contrib/gcc/8.3.0/lib/gcc/x86_64-pc-linux-gnu/8.3.0/:/cvmfs/juno.ihep.ac.cn/centos7_amd64_gcc830/contrib/gcc/8.3.0/lib/gcc/x86_64-pc-linux-gnu/8.3.0/../../../../lib64/:/lib/../lib64/:/usr/lib/../lib64/:/cvmfs/juno.ihep.ac.cn/centos7_amd64_gcc830/contrib/gcc/8.3.0/lib/gcc/x86_64-pc-linux-gnu/8.3.0/../../../:/lib/:/usr/lib/]
  ignore line: [COLLECT_GCC_OPTIONS='-v' '-o' 'CMakeFiles/cmTC_831c2.dir/CMakeCXXCompilerABI.cpp.o' '-c' '-shared-libgcc' '-mtune=generic' '-march=x86-64']
  ignore line: [Linking CXX executable cmTC_831c2]
  ignore line: [/cvmfs/juno.ihep.ac.cn/centos7_amd64_gcc830/Pre-Release/J20v1r0-branch/ExternalLibs/Cmake/3.17.0/bin/cmake -E cmake_link_script CMakeFiles/cmTC_831c2.dir/link.txt --verbose=1]
  ignore line: [/cvmfs/juno.ihep.ac.cn/centos7_amd64_gcc830/contrib/gcc/8.3.0/bin/g++      -v -rdynamic CMakeFiles/cmTC_831c2.dir/CMakeCXXCompilerABI.cpp.o  -o cmTC_831c2 ]
  ignore line: [Using built-in specs.]
  ignore line: [COLLECT_GCC=/cvmfs/juno.ihep.ac.cn/centos7_amd64_gcc830/contrib/gcc/8.3.0/bin/g++]
  ignore line: [COLLECT_LTO_WRAPPER=/cvmfs/juno.ihep.ac.cn/centos7_amd64_gcc830/contrib/gcc/8.3.0/libexec/gcc/x86_64-pc-linux-gnu/8.3.0/lto-wrapper]
  ignore line: [Target: x86_64-pc-linux-gnu]
  ignore line: [Configured with: /cvmfs/juno.ihep.ac.cn/centos7_amd64_gcc830/contrib/gcc/8.3.0/download/gcc-8.3.0/configure --prefix=/cvmfs/juno.ihep.ac.cn/centos7_amd64_gcc830/contrib/gcc/8.3.0 --enable-language=c c++ fortran --disable-multilib]
  ignore line: [Thread model: posix]
  ignore line: [gcc version 8.3.0 (GCC) ]
  ignore line: [COMPILER_PATH=/cvmfs/juno.ihep.ac.cn/centos7_amd64_gcc830/contrib/gcc/8.3.0/libexec/gcc/x86_64-pc-linux-gnu/8.3.0/:/cvmfs/juno.ihep.ac.cn/centos7_amd64_gcc830/contrib/gcc/8.3.0/libexec/gcc/x86_64-pc-linux-gnu/8.3.0/:/cvmfs/juno.ihep.ac.cn/centos7_amd64_gcc830/contrib/gcc/8.3.0/libexec/gcc/x86_64-pc-linux-gnu/:/cvmfs/juno.ihep.ac.cn/centos7_amd64_gcc830/contrib/gcc/8.3.0/lib/gcc/x86_64-pc-linux-gnu/8.3.0/:/cvmfs/juno.ihep.ac.cn/centos7_amd64_gcc830/contrib/gcc/8.3.0/lib/gcc/x86_64-pc-linux-gnu/]
  ignore line: [LIBRARY_PATH=/cvmfs/juno.ihep.ac.cn/centos7_amd64_gcc830/contrib/gcc/8.3.0/lib/gcc/x86_64-pc-linux-gnu/8.3.0/:/cvmfs/juno.ihep.ac.cn/centos7_amd64_gcc830/contrib/gcc/8.3.0/lib/gcc/x86_64-pc-linux-gnu/8.3.0/../../../../lib64/:/lib/../lib64/:/usr/lib/../lib64/:/cvmfs/juno.ihep.ac.cn/centos7_amd64_gcc830/contrib/gcc/8.3.0/lib/gcc/x86_64-pc-linux-gnu/8.3.0/../../../:/lib/:/usr/lib/]
  ignore line: [COLLECT_GCC_OPTIONS='-v' '-rdynamic' '-o' 'cmTC_831c2' '-shared-libgcc' '-mtune=generic' '-march=x86-64']
  link line: [ /cvmfs/juno.ihep.ac.cn/centos7_amd64_gcc830/contrib/gcc/8.3.0/libexec/gcc/x86_64-pc-linux-gnu/8.3.0/collect2 -plugin /cvmfs/juno.ihep.ac.cn/centos7_amd64_gcc830/contrib/gcc/8.3.0/libexec/gcc/x86_64-pc-linux-gnu/8.3.0/liblto_plugin.so -plugin-opt=/cvmfs/juno.ihep.ac.cn/centos7_amd64_gcc830/contrib/gcc/8.3.0/libexec/gcc/x86_64-pc-linux-gnu/8.3.0/lto-wrapper -plugin-opt=-fresolution=/tmp/cctSQexx.res -plugin-opt=-pass-through=-lgcc_s -plugin-opt=-pass-through=-lgcc -plugin-opt=-pass-through=-lc -plugin-opt=-pass-through=-lgcc_s -plugin-opt=-pass-through=-lgcc --eh-frame-hdr -m elf_x86_64 -export-dynamic -dynamic-linker /lib64/ld-linux-x86-64.so.2 -o cmTC_831c2 /lib/../lib64/crt1.o /lib/../lib64/crti.o /cvmfs/juno.ihep.ac.cn/centos7_amd64_gcc830/contrib/gcc/8.3.0/lib/gcc/x86_64-pc-linux-gnu/8.3.0/crtbegin.o -L/cvmfs/juno.ihep.ac.cn/centos7_amd64_gcc830/contrib/gcc/8.3.0/lib/gcc/x86_64-pc-linux-gnu/8.3.0 -L/cvmfs/juno.ihep.ac.cn/centos7_amd64_gcc830/contrib/gcc/8.3.0/lib/gcc/x86_64-pc-linux-gnu/8.3.0/../../../../lib64 -L/lib/../lib64 -L/usr/lib/../lib64 -L/cvmfs/juno.ihep.ac.cn/centos7_amd64_gcc830/contrib/gcc/8.3.0/lib/gcc/x86_64-pc-linux-gnu/8.3.0/../../.. CMakeFiles/cmTC_831c2.dir/CMakeCXXCompilerABI.cpp.o -lstdc++ -lm -lgcc_s -lgcc -lc -lgcc_s -lgcc /cvmfs/juno.ihep.ac.cn/centos7_amd64_gcc830/contrib/gcc/8.3.0/lib/gcc/x86_64-pc-linux-gnu/8.3.0/crtend.o /lib/../lib64/crtn.o]
    arg [/cvmfs/juno.ihep.ac.cn/centos7_amd64_gcc830/contrib/gcc/8.3.0/libexec/gcc/x86_64-pc-linux-gnu/8.3.0/collect2] ==> ignore
    arg [-plugin] ==> ignore
    arg [/cvmfs/juno.ihep.ac.cn/centos7_amd64_gcc830/contrib/gcc/8.3.0/libexec/gcc/x86_64-pc-linux-gnu/8.3.0/liblto_plugin.so] ==> ignore
    arg [-plugin-opt=/cvmfs/juno.ihep.ac.cn/centos7_amd64_gcc830/contrib/gcc/8.3.0/libexec/gcc/x86_64-pc-linux-gnu/8.3.0/lto-wrapper] ==> ignore
    arg [-plugin-opt=-fresolution=/tmp/cctSQexx.res] ==> ignore
    arg [-plugin-opt=-pass-through=-lgcc_s] ==> ignore
    arg [-plugin-opt=-pass-through=-lgcc] ==> ignore
    arg [-plugin-opt=-pass-through=-lc] ==> ignore
    arg [-plugin-opt=-pass-through=-lgcc_s] ==> ignore
    arg [-plugin-opt=-pass-through=-lgcc] ==> ignore
    arg [--eh-frame-hdr] ==> ignore
    arg [-m] ==> ignore
    arg [elf_x86_64] ==> ignore
    arg [-export-dynamic] ==> ignore
    arg [-dynamic-linker] ==> ignore
    arg [/lib64/ld-linux-x86-64.so.2] ==> ignore
    arg [-o] ==> ignore
    arg [cmTC_831c2] ==> ignore
    arg [/lib/../lib64/crt1.o] ==> ignore
    arg [/lib/../lib64/crti.o] ==> ignore
    arg [/cvmfs/juno.ihep.ac.cn/centos7_amd64_gcc830/contrib/gcc/8.3.0/lib/gcc/x86_64-pc-linux-gnu/8.3.0/crtbegin.o] ==> ignore
    arg [-L/cvmfs/juno.ihep.ac.cn/centos7_amd64_gcc830/contrib/gcc/8.3.0/lib/gcc/x86_64-pc-linux-gnu/8.3.0] ==> dir [/cvmfs/juno.ihep.ac.cn/centos7_amd64_gcc830/contrib/gcc/8.3.0/lib/gcc/x86_64-pc-linux-gnu/8.3.0]
    arg [-L/cvmfs/juno.ihep.ac.cn/centos7_amd64_gcc830/contrib/gcc/8.3.0/lib/gcc/x86_64-pc-linux-gnu/8.3.0/../../../../lib64] ==> dir [/cvmfs/juno.ihep.ac.cn/centos7_amd64_gcc830/contrib/gcc/8.3.0/lib/gcc/x86_64-pc-linux-gnu/8.3.0/../../../../lib64]
    arg [-L/lib/../lib64] ==> dir [/lib/../lib64]
    arg [-L/usr/lib/../lib64] ==> dir [/usr/lib/../lib64]
    arg [-L/cvmfs/juno.ihep.ac.cn/centos7_amd64_gcc830/contrib/gcc/8.3.0/lib/gcc/x86_64-pc-linux-gnu/8.3.0/../../..] ==> dir [/cvmfs/juno.ihep.ac.cn/centos7_amd64_gcc830/contrib/gcc/8.3.0/lib/gcc/x86_64-pc-linux-gnu/8.3.0/../../..]
    arg [CMakeFiles/cmTC_831c2.dir/CMakeCXXCompilerABI.cpp.o] ==> ignore
    arg [-lstdc++] ==> lib [stdc++]
    arg [-lm] ==> lib [m]
    arg [-lgcc_s] ==> lib [gcc_s]
    arg [-lgcc] ==> lib [gcc]
    arg [-lc] ==> lib [c]
    arg [-lgcc_s] ==> lib [gcc_s]
    arg [-lgcc] ==> lib [gcc]
    arg [/cvmfs/juno.ihep.ac.cn/centos7_amd64_gcc830/contrib/gcc/8.3.0/lib/gcc/x86_64-pc-linux-gnu/8.3.0/crtend.o] ==> ignore
    arg [/lib/../lib64/crtn.o] ==> ignore
  collapse library dir [/cvmfs/juno.ihep.ac.cn/centos7_amd64_gcc830/contrib/gcc/8.3.0/lib/gcc/x86_64-pc-linux-gnu/8.3.0] ==> [/cvmfs/juno.ihep.ac.cn/centos7_amd64_gcc830/contrib/gcc/8.3.0/lib/gcc/x86_64-pc-linux-gnu/8.3.0]
  collapse library dir [/cvmfs/juno.ihep.ac.cn/centos7_amd64_gcc830/contrib/gcc/8.3.0/lib/gcc/x86_64-pc-linux-gnu/8.3.0/../../../../lib64] ==> [/cvmfs/juno.ihep.ac.cn/centos7_amd64_gcc830/contrib/gcc/8.3.0/lib64]
  collapse library dir [/lib/../lib64] ==> [/lib64]
  collapse library dir [/usr/lib/../lib64] ==> [/usr/lib64]
  collapse library dir [/cvmfs/juno.ihep.ac.cn/centos7_amd64_gcc830/contrib/gcc/8.3.0/lib/gcc/x86_64-pc-linux-gnu/8.3.0/../../..] ==> [/cvmfs/juno.ihep.ac.cn/centos7_amd64_gcc830/contrib/gcc/8.3.0/lib]
  implicit libs: [stdc++;m;gcc_s;gcc;c;gcc_s;gcc]
  implicit dirs: [/cvmfs/juno.ihep.ac.cn/centos7_amd64_gcc830/contrib/gcc/8.3.0/lib/gcc/x86_64-pc-linux-gnu/8.3.0;/cvmfs/juno.ihep.ac.cn/centos7_amd64_gcc830/contrib/gcc/8.3.0/lib64;/lib64;/usr/lib64;/cvmfs/juno.ihep.ac.cn/centos7_amd64_gcc830/contrib/gcc/8.3.0/lib]
  implicit fwks: []


